[ 2016-11-30T10:07:16+08:00 ] 0.0.0.0 127.0.0.1 GET /
[ log ] localhost:8980/ [运行时间：0.375000s][吞吐率：2.67req/s] [内存消耗：2,026.30kb] [文件加载：60]
[ info ] [ LANG ] D:\phpStudy4IIS\WWW\thinkphp\lang\zh-cn.php
[ info ] [ ROUTE ] array (
  'type' => 'module',
  'module' => 
  array (
    0 => '',
    1 => NULL,
    2 => NULL,
  ),
)
[ info ] [ HEADER ] array (
  'upgrade-insecure-requests' => '1',
  'user-agent' => 'Mozilla/5.0 (Windows NT 5.2) AppleWebKit/537.36 (KHTML, like Gecko) Chrome/45.0.2454.101 Safari/537.36',
  'host' => 'localhost:8980',
  'cookie' => 'CNZZDATA1256104530=159473096-1479890974-http%253A%252F%252Flocalhost%253A8980%252F%7C1480037306; greencms_last_visit_page=aHR0cDovL2xvY2FsaG9zdDo4OTgwL2luZGV4LnBocD9tPWFkbWluJmM9aW5kZXgmYT1pbmRleA%3D%3D; admin_username=admin; PHPSESSID=q71934ajfkqa6qabqm5oru3tv6; thinkphp_show_page_trace=0|0',
  'accept-language' => 'zh-CN,zh;q=0.8',
  'accept-encoding' => 'gzip, deflate, sdch',
  'accept' => 'text/html,application/xhtml+xml,application/xml;q=0.9,image/webp,*/*;q=0.8',
  'content-length' => '0',
  'connection' => 'keep-alive',
  'content-type' => '',
)
[ info ] [ PARAM ] array (
)
[ info ] [ DB ] INIT mysql
[ info ] [ RUN ] app\index\controller\Index->index[ D:\phpStudy4IIS\WWW\application\index\controller\Index.php ]
[ info ] [ VIEW ] themes\index\index.html [ array (
  0 => 'category_level_list',
  1 => 'article_list',
  2 => 'article_listt',
  3 => 'category_list',
  4 => 'cid',
) ]
[ info ] [ LOG ] INIT File
[ sql ] [ DB ] CONNECT:[ UseTime:0.046875s ] mysql:dbname=cms0;host=127.0.0.1;port=3306;charset=utf8
[ sql ] [ SQL ] SHOW COLUMNS FROM `think_category` [ RunTime:0.109375s ]
[ sql ] [ SQL ] SELECT * FROM `think_category` ORDER BY `sort`  DESC,`id`  ASC [ RunTime:0.000000s ]
[ sql ] [ SQL ] SHOW COLUMNS FROM `think_article` [ RunTime:0.031250s ]
[ sql ] [ SQL ] SELECT COUNT(*) AS tp_count FROM `think_article` LIMIT 1 [ RunTime:0.046875s ]
[ sql ] [ SQL ] SELECT `id`,`title`,`cid`,`author`,`reading`,`status`,`publish_time`,`sort` FROM `think_article` LIMIT 0,5 [ RunTime:0.015625s ]
[ sql ] [ SQL ] SELECT `id`,`name` FROM `think_category` [ RunTime:0.000000s ]
[ sql ] [ SQL ] SELECT `id`,`title`,`cid`,`author`,`reading`,`status`,`publish_time`,`sort` FROM `think_article` [ RunTime:0.000000s ]
[ sql ] [ SQL ] SHOW COLUMNS FROM `think_auth_rule` [ RunTime:0.031250s ]
[ sql ] [ SQL ] SELECT * FROM `think_auth_rule` [ RunTime:0.000000s ]
[ error ] [8]未定义变量: menu[D:\phpStudy4IIS\WWW\runtime\temp\8c66930f96676df7755b342801e14201.php:5]

---------------------------------------------------------------
[ 2016-11-30T10:43:41+08:00 ] 0.0.0.0 127.0.0.1 GET /
[ log ] localhost:8980/ [运行时间：0.078125s][吞吐率：12.80req/s] [内存消耗：2,128.80kb] [文件加载：62]
[ info ] [ LANG ] D:\phpStudy4IIS\WWW\thinkphp\lang\zh-cn.php
[ info ] [ ROUTE ] array (
  'type' => 'module',
  'module' => 
  array (
    0 => '',
    1 => NULL,
    2 => NULL,
  ),
)
[ info ] [ HEADER ] array (
  'upgrade-insecure-requests' => '1',
  'user-agent' => 'Mozilla/5.0 (Windows NT 5.2) AppleWebKit/537.36 (KHTML, like Gecko) Chrome/45.0.2454.101 Safari/537.36',
  'host' => 'localhost:8980',
  'cookie' => 'CNZZDATA1256104530=159473096-1479890974-http%253A%252F%252Flocalhost%253A8980%252F%7C1480037306; greencms_last_visit_page=aHR0cDovL2xvY2FsaG9zdDo4OTgwL2luZGV4LnBocD9tPWFkbWluJmM9aW5kZXgmYT1pbmRleA%3D%3D; admin_username=admin; PHPSESSID=q71934ajfkqa6qabqm5oru3tv6; thinkphp_show_page_trace=0|0',
  'accept-language' => 'zh-CN,zh;q=0.8',
  'accept-encoding' => 'gzip, deflate, sdch',
  'accept' => 'text/html,application/xhtml+xml,application/xml;q=0.9,image/webp,*/*;q=0.8',
  'content-length' => '0',
  'connection' => 'keep-alive',
  'cache-control' => 'max-age=0',
  'content-type' => '',
)
[ info ] [ PARAM ] array (
)
[ info ] [ DB ] INIT mysql
[ info ] [ RUN ] app\index\controller\Index->index[ D:\phpStudy4IIS\WWW\application\index\controller\Index.php ]
[ info ] [ VIEW ] themes\index\index.html [ array (
  0 => 'category_level_list',
  1 => 'article_list',
  2 => 'article_listt',
  3 => 'category_list',
  4 => 'cid',
) ]
[ info ] [ LOG ] INIT File
[ sql ] [ DB ] CONNECT:[ UseTime:0.000000s ] mysql:dbname=cms0;host=127.0.0.1;port=3306;charset=utf8
[ sql ] [ SQL ] SHOW COLUMNS FROM `think_category` [ RunTime:0.000000s ]
[ sql ] [ SQL ] SELECT * FROM `think_category` ORDER BY `sort`  DESC,`id`  ASC [ RunTime:0.000000s ]
[ sql ] [ SQL ] SHOW COLUMNS FROM `think_article` [ RunTime:0.000000s ]
[ sql ] [ SQL ] SELECT COUNT(*) AS tp_count FROM `think_article` LIMIT 1 [ RunTime:0.000000s ]
[ sql ] [ SQL ] SELECT `id`,`title`,`cid`,`author`,`reading`,`status`,`publish_time`,`sort` FROM `think_article` LIMIT 0,5 [ RunTime:0.000000s ]
[ sql ] [ SQL ] SELECT `id`,`name` FROM `think_category` [ RunTime:0.000000s ]
[ sql ] [ SQL ] SELECT `id`,`title`,`cid`,`author`,`reading`,`status`,`publish_time`,`sort` FROM `think_article` [ RunTime:0.000000s ]
[ sql ] [ SQL ] SHOW COLUMNS FROM `think_system` [ RunTime:0.000000s ]
[ sql ] [ SQL ] SELECT `value` FROM `think_system` WHERE  `name` = 'site_config' LIMIT 1 [ RunTime:0.000000s ]
[ error ] [8]未定义变量: site_config[D:\phpStudy4IIS\WWW\runtime\temp\8c66930f96676df7755b342801e14201.php:5]

---------------------------------------------------------------
[ 2016-11-30T10:43:42+08:00 ] 0.0.0.0 127.0.0.1 GET /
[ log ] localhost:8980/ [运行时间：0.062500s][吞吐率：16.00req/s] [内存消耗：2,002.86kb] [文件加载：60]
[ info ] [ LANG ] D:\phpStudy4IIS\WWW\thinkphp\lang\zh-cn.php
[ info ] [ ROUTE ] array (
  'type' => 'module',
  'module' => 
  array (
    0 => '',
    1 => NULL,
    2 => NULL,
  ),
)
[ info ] [ HEADER ] array (
  'upgrade-insecure-requests' => '1',
  'user-agent' => 'Mozilla/5.0 (Windows NT 5.2) AppleWebKit/537.36 (KHTML, like Gecko) Chrome/45.0.2454.101 Safari/537.36',
  'host' => 'localhost:8980',
  'cookie' => 'CNZZDATA1256104530=159473096-1479890974-http%253A%252F%252Flocalhost%253A8980%252F%7C1480037306; greencms_last_visit_page=aHR0cDovL2xvY2FsaG9zdDo4OTgwL2luZGV4LnBocD9tPWFkbWluJmM9aW5kZXgmYT1pbmRleA%3D%3D; admin_username=admin; PHPSESSID=q71934ajfkqa6qabqm5oru3tv6; thinkphp_show_page_trace=0|0',
  'accept-language' => 'zh-CN,zh;q=0.8',
  'accept-encoding' => 'gzip, deflate, sdch',
  'accept' => 'text/html,application/xhtml+xml,application/xml;q=0.9,image/webp,*/*;q=0.8',
  'content-length' => '0',
  'connection' => 'keep-alive',
  'cache-control' => 'max-age=0',
  'content-type' => '',
)
[ info ] [ PARAM ] array (
)
[ info ] [ DB ] INIT mysql
[ info ] [ RUN ] app\index\controller\Index->index[ D:\phpStudy4IIS\WWW\application\index\controller\Index.php ]
[ info ] [ VIEW ] themes\index\index.html [ array (
  0 => 'category_level_list',
  1 => 'article_list',
  2 => 'article_listt',
  3 => 'category_list',
  4 => 'cid',
) ]
[ info ] [ LOG ] INIT File
[ sql ] [ DB ] CONNECT:[ UseTime:0.000000s ] mysql:dbname=cms0;host=127.0.0.1;port=3306;charset=utf8
[ sql ] [ SQL ] SHOW COLUMNS FROM `think_category` [ RunTime:0.015625s ]
[ sql ] [ SQL ] SELECT * FROM `think_category` ORDER BY `sort`  DESC,`id`  ASC [ RunTime:0.000000s ]
[ sql ] [ SQL ] SHOW COLUMNS FROM `think_article` [ RunTime:0.000000s ]
[ sql ] [ SQL ] SELECT COUNT(*) AS tp_count FROM `think_article` LIMIT 1 [ RunTime:0.000000s ]
[ sql ] [ SQL ] SELECT `id`,`title`,`cid`,`author`,`reading`,`status`,`publish_time`,`sort` FROM `think_article` LIMIT 0,5 [ RunTime:0.000000s ]
[ sql ] [ SQL ] SELECT `id`,`name` FROM `think_category` [ RunTime:0.000000s ]
[ sql ] [ SQL ] SELECT `id`,`title`,`cid`,`author`,`reading`,`status`,`publish_time`,`sort` FROM `think_article` [ RunTime:0.000000s ]
[ sql ] [ SQL ] SHOW COLUMNS FROM `think_system` [ RunTime:0.000000s ]
[ sql ] [ SQL ] SELECT `value` FROM `think_system` WHERE  `name` = 'site_config' LIMIT 1 [ RunTime:0.000000s ]
[ error ] [8]未定义变量: site_config[D:\phpStudy4IIS\WWW\runtime\temp\8c66930f96676df7755b342801e14201.php:5]

---------------------------------------------------------------
[ 2016-11-30T10:45:20+08:00 ] 0.0.0.0 127.0.0.1 GET /
[ log ] localhost:8980/ [运行时间：0.046875s][吞吐率：21.33req/s] [内存消耗：1,967.19kb] [文件加载：58]
[ info ] [ LANG ] D:\phpStudy4IIS\WWW\thinkphp\lang\zh-cn.php
[ info ] [ ROUTE ] array (
  'type' => 'module',
  'module' => 
  array (
    0 => '',
    1 => NULL,
    2 => NULL,
  ),
)
[ info ] [ HEADER ] array (
  'upgrade-insecure-requests' => '1',
  'user-agent' => 'Mozilla/5.0 (Windows NT 5.2) AppleWebKit/537.36 (KHTML, like Gecko) Chrome/45.0.2454.101 Safari/537.36',
  'host' => 'localhost:8980',
  'cookie' => 'CNZZDATA1256104530=159473096-1479890974-http%253A%252F%252Flocalhost%253A8980%252F%7C1480037306; greencms_last_visit_page=aHR0cDovL2xvY2FsaG9zdDo4OTgwL2luZGV4LnBocD9tPWFkbWluJmM9aW5kZXgmYT1pbmRleA%3D%3D; admin_username=admin; PHPSESSID=q71934ajfkqa6qabqm5oru3tv6; thinkphp_show_page_trace=0|0',
  'accept-language' => 'zh-CN,zh;q=0.8',
  'accept-encoding' => 'gzip, deflate, sdch',
  'accept' => 'text/html,application/xhtml+xml,application/xml;q=0.9,image/webp,*/*;q=0.8',
  'content-length' => '0',
  'connection' => 'keep-alive',
  'cache-control' => 'max-age=0',
  'content-type' => '',
)
[ info ] [ PARAM ] array (
)
[ info ] [ DB ] INIT mysql
[ info ] [ RUN ] app\index\controller\Index->index[ D:\phpStudy4IIS\WWW\application\index\controller\Index.php ]
[ info ] [ LOG ] INIT File
[ sql ] [ DB ] CONNECT:[ UseTime:0.000000s ] mysql:dbname=cms0;host=127.0.0.1;port=3306;charset=utf8
[ sql ] [ SQL ] SHOW COLUMNS FROM `think_category` [ RunTime:0.000000s ]
[ sql ] [ SQL ] SELECT * FROM `think_category` ORDER BY `sort`  DESC,`id`  ASC [ RunTime:0.000000s ]
[ sql ] [ SQL ] SHOW COLUMNS FROM `think_article` [ RunTime:0.000000s ]
[ sql ] [ SQL ] SELECT COUNT(*) AS tp_count FROM `think_article` LIMIT 1 [ RunTime:0.000000s ]
[ sql ] [ SQL ] SELECT `id`,`title`,`cid`,`author`,`reading`,`status`,`publish_time`,`sort` FROM `think_article` LIMIT 0,5 [ RunTime:0.000000s ]
[ sql ] [ SQL ] SELECT `id`,`name` FROM `think_category` [ RunTime:0.000000s ]
[ sql ] [ SQL ] SELECT `id`,`title`,`cid`,`author`,`reading`,`status`,`publish_time`,`sort` FROM `think_article` [ RunTime:0.000000s ]
[ sql ] [ SQL ] SHOW COLUMNS FROM `think_system` [ RunTime:0.000000s ]
[ sql ] [ SQL ] SELECT `value` FROM `think_system` WHERE  `name` = 'site_config' LIMIT 1 [ RunTime:0.000000s ]
[ error ] [0]模板文件不存在:themes\index\site_config.html[D:\phpStudy4IIS\WWW\thinkphp\library\think\view\driver\Think.php:80]

---------------------------------------------------------------
[ 2016-11-30T10:45:57+08:00 ] 0.0.0.0 127.0.0.1 GET /
[ log ] localhost:8980/ [运行时间：0.062500s][吞吐率：16.00req/s] [内存消耗：1,968.84kb] [文件加载：56]
[ info ] [ LANG ] D:\phpStudy4IIS\WWW\thinkphp\lang\zh-cn.php
[ info ] [ ROUTE ] array (
  'type' => 'module',
  'module' => 
  array (
    0 => '',
    1 => NULL,
    2 => NULL,
  ),
)
[ info ] [ HEADER ] array (
  'upgrade-insecure-requests' => '1',
  'user-agent' => 'Mozilla/5.0 (Windows NT 5.2) AppleWebKit/537.36 (KHTML, like Gecko) Chrome/45.0.2454.101 Safari/537.36',
  'host' => 'localhost:8980',
  'cookie' => 'CNZZDATA1256104530=159473096-1479890974-http%253A%252F%252Flocalhost%253A8980%252F%7C1480037306; greencms_last_visit_page=aHR0cDovL2xvY2FsaG9zdDo4OTgwL2luZGV4LnBocD9tPWFkbWluJmM9aW5kZXgmYT1pbmRleA%3D%3D; admin_username=admin; PHPSESSID=q71934ajfkqa6qabqm5oru3tv6; thinkphp_show_page_trace=0|0',
  'accept-language' => 'zh-CN,zh;q=0.8',
  'accept-encoding' => 'gzip, deflate, sdch',
  'accept' => 'text/html,application/xhtml+xml,application/xml;q=0.9,image/webp,*/*;q=0.8',
  'content-length' => '0',
  'connection' => 'keep-alive',
  'cache-control' => 'max-age=0',
  'content-type' => '',
)
[ info ] [ PARAM ] array (
)
[ info ] [ DB ] INIT mysql
[ info ] [ RUN ] app\index\controller\Index->index[ D:\phpStudy4IIS\WWW\application\index\controller\Index.php ]
[ info ] [ VIEW ] themes\index\index.html [ array (
  0 => 'category_level_list',
  1 => 'site_config',
  2 => 'article_list',
  3 => 'article_listt',
  4 => 'category_list',
  5 => 'cid',
) ]
[ info ] [ LOG ] INIT File
[ sql ] [ DB ] CONNECT:[ UseTime:0.015625s ] mysql:dbname=cms0;host=127.0.0.1;port=3306;charset=utf8
[ sql ] [ SQL ] SHOW COLUMNS FROM `think_category` [ RunTime:0.000000s ]
[ sql ] [ SQL ] SELECT * FROM `think_category` ORDER BY `sort`  DESC,`id`  ASC [ RunTime:0.000000s ]
[ sql ] [ SQL ] SHOW COLUMNS FROM `think_article` [ RunTime:0.000000s ]
[ sql ] [ SQL ] SELECT COUNT(*) AS tp_count FROM `think_article` LIMIT 1 [ RunTime:0.000000s ]
[ sql ] [ SQL ] SELECT `id`,`title`,`cid`,`author`,`reading`,`status`,`publish_time`,`sort` FROM `think_article` LIMIT 0,5 [ RunTime:0.000000s ]
[ sql ] [ SQL ] SELECT `id`,`name` FROM `think_category` [ RunTime:0.000000s ]
[ sql ] [ SQL ] SELECT `id`,`title`,`cid`,`author`,`reading`,`status`,`publish_time`,`sort` FROM `think_article` [ RunTime:0.000000s ]
[ sql ] [ SQL ] SHOW COLUMNS FROM `think_system` [ RunTime:0.015625s ]
[ sql ] [ SQL ] SELECT `value` FROM `think_system` WHERE  `name` = 'site_config' LIMIT 1 [ RunTime:0.000000s ]

---------------------------------------------------------------
[ 2016-11-30T10:58:02+08:00 ] 0.0.0.0 127.0.0.1 GET /
[ log ] localhost:8980/ [运行时间：0.062500s][吞吐率：16.00req/s] [内存消耗：1,968.84kb] [文件加载：56]
[ info ] [ LANG ] D:\phpStudy4IIS\WWW\thinkphp\lang\zh-cn.php
[ info ] [ ROUTE ] array (
  'type' => 'module',
  'module' => 
  array (
    0 => '',
    1 => NULL,
    2 => NULL,
  ),
)
[ info ] [ HEADER ] array (
  'upgrade-insecure-requests' => '1',
  'user-agent' => 'Mozilla/5.0 (Windows NT 5.2) AppleWebKit/537.36 (KHTML, like Gecko) Chrome/45.0.2454.101 Safari/537.36',
  'host' => 'localhost:8980',
  'cookie' => 'CNZZDATA1256104530=159473096-1479890974-http%253A%252F%252Flocalhost%253A8980%252F%7C1480037306; greencms_last_visit_page=aHR0cDovL2xvY2FsaG9zdDo4OTgwL2luZGV4LnBocD9tPWFkbWluJmM9aW5kZXgmYT1pbmRleA%3D%3D; admin_username=admin; PHPSESSID=q71934ajfkqa6qabqm5oru3tv6; thinkphp_show_page_trace=0|0',
  'accept-language' => 'zh-CN,zh;q=0.8',
  'accept-encoding' => 'gzip, deflate, sdch',
  'accept' => 'text/html,application/xhtml+xml,application/xml;q=0.9,image/webp,*/*;q=0.8',
  'content-length' => '0',
  'connection' => 'keep-alive',
  'cache-control' => 'max-age=0',
  'content-type' => '',
)
[ info ] [ PARAM ] array (
)
[ info ] [ DB ] INIT mysql
[ info ] [ RUN ] app\index\controller\Index->index[ D:\phpStudy4IIS\WWW\application\index\controller\Index.php ]
[ info ] [ VIEW ] themes\index\index.html [ array (
  0 => 'category_level_list',
  1 => 'site_config',
  2 => 'article_list',
  3 => 'article_listt',
  4 => 'category_list',
  5 => 'cid',
) ]
[ info ] [ LOG ] INIT File
[ sql ] [ DB ] CONNECT:[ UseTime:0.015625s ] mysql:dbname=cms0;host=127.0.0.1;port=3306;charset=utf8
[ sql ] [ SQL ] SHOW COLUMNS FROM `think_category` [ RunTime:0.000000s ]
[ sql ] [ SQL ] SELECT * FROM `think_category` ORDER BY `sort`  DESC,`id`  ASC [ RunTime:0.000000s ]
[ sql ] [ SQL ] SHOW COLUMNS FROM `think_article` [ RunTime:0.000000s ]
[ sql ] [ SQL ] SELECT COUNT(*) AS tp_count FROM `think_article` LIMIT 1 [ RunTime:0.000000s ]
[ sql ] [ SQL ] SELECT `id`,`title`,`cid`,`author`,`reading`,`status`,`publish_time`,`sort` FROM `think_article` LIMIT 0,5 [ RunTime:0.000000s ]
[ sql ] [ SQL ] SELECT `id`,`name` FROM `think_category` [ RunTime:0.000000s ]
[ sql ] [ SQL ] SELECT `id`,`title`,`cid`,`author`,`reading`,`status`,`publish_time`,`sort` FROM `think_article` [ RunTime:0.000000s ]
[ sql ] [ SQL ] SHOW COLUMNS FROM `think_system` [ RunTime:0.000000s ]
[ sql ] [ SQL ] SELECT `value` FROM `think_system` WHERE  `name` = 'site_config' LIMIT 1 [ RunTime:0.000000s ]

---------------------------------------------------------------
[ 2016-11-30T10:59:27+08:00 ] 0.0.0.0 127.0.0.1 GET /
[ log ] localhost:8980/ [运行时间：0.046875s][吞吐率：21.33req/s] [内存消耗：2,095.64kb] [文件加载：58]
[ info ] [ LANG ] D:\phpStudy4IIS\WWW\thinkphp\lang\zh-cn.php
[ info ] [ ROUTE ] array (
  'type' => 'module',
  'module' => 
  array (
    0 => '',
    1 => NULL,
    2 => NULL,
  ),
)
[ info ] [ HEADER ] array (
  'upgrade-insecure-requests' => '1',
  'user-agent' => 'Mozilla/5.0 (Windows NT 5.2) AppleWebKit/537.36 (KHTML, like Gecko) Chrome/45.0.2454.101 Safari/537.36',
  'host' => 'localhost:8980',
  'cookie' => 'CNZZDATA1256104530=159473096-1479890974-http%253A%252F%252Flocalhost%253A8980%252F%7C1480037306; greencms_last_visit_page=aHR0cDovL2xvY2FsaG9zdDo4OTgwL2luZGV4LnBocD9tPWFkbWluJmM9aW5kZXgmYT1pbmRleA%3D%3D; admin_username=admin; PHPSESSID=q71934ajfkqa6qabqm5oru3tv6; thinkphp_show_page_trace=0|0',
  'accept-language' => 'zh-CN,zh;q=0.8',
  'accept-encoding' => 'gzip, deflate, sdch',
  'accept' => 'text/html,application/xhtml+xml,application/xml;q=0.9,image/webp,*/*;q=0.8',
  'content-length' => '0',
  'connection' => 'keep-alive',
  'cache-control' => 'max-age=0',
  'content-type' => '',
)
[ info ] [ PARAM ] array (
)
[ info ] [ DB ] INIT mysql
[ info ] [ RUN ] app\index\controller\Index->index[ D:\phpStudy4IIS\WWW\application\index\controller\Index.php ]
[ info ] [ VIEW ] themes\index\index.html [ array (
  0 => 'category_level_list',
  1 => 'site_config',
  2 => 'article_list',
  3 => 'article_listt',
  4 => 'category_list',
  5 => 'cid',
) ]
[ info ] [ LOG ] INIT File
[ sql ] [ DB ] CONNECT:[ UseTime:0.000000s ] mysql:dbname=cms0;host=127.0.0.1;port=3306;charset=utf8
[ sql ] [ SQL ] SHOW COLUMNS FROM `think_category` [ RunTime:0.000000s ]
[ sql ] [ SQL ] SELECT * FROM `think_category` ORDER BY `sort`  DESC,`id`  ASC [ RunTime:0.000000s ]
[ sql ] [ SQL ] SHOW COLUMNS FROM `think_article` [ RunTime:0.000000s ]
[ sql ] [ SQL ] SELECT COUNT(*) AS tp_count FROM `think_article` LIMIT 1 [ RunTime:0.000000s ]
[ sql ] [ SQL ] SELECT `id`,`title`,`cid`,`author`,`reading`,`status`,`publish_time`,`sort` FROM `think_article` LIMIT 0,5 [ RunTime:0.000000s ]
[ sql ] [ SQL ] SELECT `id`,`name` FROM `think_category` [ RunTime:0.000000s ]
[ sql ] [ SQL ] SELECT `id`,`title`,`cid`,`author`,`reading`,`status`,`publish_time`,`sort` FROM `think_article` [ RunTime:0.000000s ]
[ sql ] [ SQL ] SHOW COLUMNS FROM `think_system` [ RunTime:0.000000s ]
[ sql ] [ SQL ] SELECT `value` FROM `think_system` WHERE  `name` = 'site_config' LIMIT 1 [ RunTime:0.000000s ]

---------------------------------------------------------------
[ 2016-11-30T10:59:27+08:00 ] 0.0.0.0 127.0.0.1 GET /
[ log ] localhost:8980/ [运行时间：0.062500s][吞吐率：16.00req/s] [内存消耗：1,968.84kb] [文件加载：56]
[ info ] [ LANG ] D:\phpStudy4IIS\WWW\thinkphp\lang\zh-cn.php
[ info ] [ ROUTE ] array (
  'type' => 'module',
  'module' => 
  array (
    0 => '',
    1 => NULL,
    2 => NULL,
  ),
)
[ info ] [ HEADER ] array (
  'upgrade-insecure-requests' => '1',
  'user-agent' => 'Mozilla/5.0 (Windows NT 5.2) AppleWebKit/537.36 (KHTML, like Gecko) Chrome/45.0.2454.101 Safari/537.36',
  'host' => 'localhost:8980',
  'cookie' => 'CNZZDATA1256104530=159473096-1479890974-http%253A%252F%252Flocalhost%253A8980%252F%7C1480037306; greencms_last_visit_page=aHR0cDovL2xvY2FsaG9zdDo4OTgwL2luZGV4LnBocD9tPWFkbWluJmM9aW5kZXgmYT1pbmRleA%3D%3D; admin_username=admin; PHPSESSID=q71934ajfkqa6qabqm5oru3tv6; thinkphp_show_page_trace=0|0',
  'accept-language' => 'zh-CN,zh;q=0.8',
  'accept-encoding' => 'gzip, deflate, sdch',
  'accept' => 'text/html,application/xhtml+xml,application/xml;q=0.9,image/webp,*/*;q=0.8',
  'content-length' => '0',
  'connection' => 'keep-alive',
  'cache-control' => 'max-age=0',
  'content-type' => '',
)
[ info ] [ PARAM ] array (
)
[ info ] [ DB ] INIT mysql
[ info ] [ RUN ] app\index\controller\Index->index[ D:\phpStudy4IIS\WWW\application\index\controller\Index.php ]
[ info ] [ VIEW ] themes\index\index.html [ array (
  0 => 'category_level_list',
  1 => 'site_config',
  2 => 'article_list',
  3 => 'article_listt',
  4 => 'category_list',
  5 => 'cid',
) ]
[ info ] [ LOG ] INIT File
[ sql ] [ DB ] CONNECT:[ UseTime:0.015625s ] mysql:dbname=cms0;host=127.0.0.1;port=3306;charset=utf8
[ sql ] [ SQL ] SHOW COLUMNS FROM `think_category` [ RunTime:0.000000s ]
[ sql ] [ SQL ] SELECT * FROM `think_category` ORDER BY `sort`  DESC,`id`  ASC [ RunTime:0.000000s ]
[ sql ] [ SQL ] SHOW COLUMNS FROM `think_article` [ RunTime:0.000000s ]
[ sql ] [ SQL ] SELECT COUNT(*) AS tp_count FROM `think_article` LIMIT 1 [ RunTime:0.000000s ]
[ sql ] [ SQL ] SELECT `id`,`title`,`cid`,`author`,`reading`,`status`,`publish_time`,`sort` FROM `think_article` LIMIT 0,5 [ RunTime:0.000000s ]
[ sql ] [ SQL ] SELECT `id`,`name` FROM `think_category` [ RunTime:0.000000s ]
[ sql ] [ SQL ] SELECT `id`,`title`,`cid`,`author`,`reading`,`status`,`publish_time`,`sort` FROM `think_article` [ RunTime:0.000000s ]
[ sql ] [ SQL ] SHOW COLUMNS FROM `think_system` [ RunTime:0.000000s ]
[ sql ] [ SQL ] SELECT `value` FROM `think_system` WHERE  `name` = 'site_config' LIMIT 1 [ RunTime:0.000000s ]

---------------------------------------------------------------
[ 2016-11-30T11:01:56+08:00 ] 0.0.0.0 127.0.0.1 GET /
[ log ] localhost:8980/ [运行时间：0.046875s][吞吐率：21.33req/s] [内存消耗：1,973.45kb] [文件加载：56]
[ info ] [ LANG ] D:\phpStudy4IIS\WWW\thinkphp\lang\zh-cn.php
[ info ] [ ROUTE ] array (
  'type' => 'module',
  'module' => 
  array (
    0 => '',
    1 => NULL,
    2 => NULL,
  ),
)
[ info ] [ HEADER ] array (
  'upgrade-insecure-requests' => '1',
  'user-agent' => 'Mozilla/5.0 (Windows NT 5.2) AppleWebKit/537.36 (KHTML, like Gecko) Chrome/45.0.2454.101 Safari/537.36',
  'host' => 'localhost:8980',
  'cookie' => 'CNZZDATA1256104530=159473096-1479890974-http%253A%252F%252Flocalhost%253A8980%252F%7C1480037306; greencms_last_visit_page=aHR0cDovL2xvY2FsaG9zdDo4OTgwL2luZGV4LnBocD9tPWFkbWluJmM9aW5kZXgmYT1pbmRleA%3D%3D; admin_username=admin; PHPSESSID=q71934ajfkqa6qabqm5oru3tv6; thinkphp_show_page_trace=0|0',
  'accept-language' => 'zh-CN,zh;q=0.8',
  'accept-encoding' => 'gzip, deflate, sdch',
  'accept' => 'text/html,application/xhtml+xml,application/xml;q=0.9,image/webp,*/*;q=0.8',
  'content-length' => '0',
  'connection' => 'keep-alive',
  'cache-control' => 'max-age=0',
  'content-type' => '',
)
[ info ] [ PARAM ] array (
)
[ info ] [ DB ] INIT mysql
[ info ] [ RUN ] app\index\controller\Index->index[ D:\phpStudy4IIS\WWW\application\index\controller\Index.php ]
[ info ] [ VIEW ] themes\index\index.html [ array (
  0 => 'site_config',
  1 => 'category_level_list',
  2 => 'article_list',
  3 => 'article_listt',
  4 => 'category_list',
  5 => 'cid',
) ]
[ info ] [ LOG ] INIT File
[ sql ] [ DB ] CONNECT:[ UseTime:0.015625s ] mysql:dbname=cms0;host=127.0.0.1;port=3306;charset=utf8
[ sql ] [ SQL ] SHOW COLUMNS FROM `think_system` [ RunTime:0.000000s ]
[ sql ] [ SQL ] SELECT `value` FROM `think_system` WHERE  `name` = 'site_config' LIMIT 1 [ RunTime:0.000000s ]
[ sql ] [ SQL ] SHOW COLUMNS FROM `think_category` [ RunTime:0.015625s ]
[ sql ] [ SQL ] SELECT * FROM `think_category` ORDER BY `sort`  DESC,`id`  ASC [ RunTime:0.000000s ]
[ sql ] [ SQL ] SHOW COLUMNS FROM `think_article` [ RunTime:0.000000s ]
[ sql ] [ SQL ] SELECT COUNT(*) AS tp_count FROM `think_article` LIMIT 1 [ RunTime:0.000000s ]
[ sql ] [ SQL ] SELECT `id`,`title`,`cid`,`author`,`reading`,`status`,`publish_time`,`sort` FROM `think_article` LIMIT 0,5 [ RunTime:0.000000s ]
[ sql ] [ SQL ] SELECT `id`,`name` FROM `think_category` [ RunTime:0.000000s ]
[ sql ] [ SQL ] SELECT `id`,`title`,`cid`,`author`,`reading`,`status`,`publish_time`,`sort` FROM `think_article` [ RunTime:0.000000s ]

---------------------------------------------------------------
[ 2016-11-30T11:01:57+08:00 ] 0.0.0.0 127.0.0.1 GET /
[ log ] localhost:8980/ [运行时间：0.046875s][吞吐率：21.33req/s] [内存消耗：1,973.45kb] [文件加载：56]
[ info ] [ LANG ] D:\phpStudy4IIS\WWW\thinkphp\lang\zh-cn.php
[ info ] [ ROUTE ] array (
  'type' => 'module',
  'module' => 
  array (
    0 => '',
    1 => NULL,
    2 => NULL,
  ),
)
[ info ] [ HEADER ] array (
  'upgrade-insecure-requests' => '1',
  'user-agent' => 'Mozilla/5.0 (Windows NT 5.2) AppleWebKit/537.36 (KHTML, like Gecko) Chrome/45.0.2454.101 Safari/537.36',
  'host' => 'localhost:8980',
  'cookie' => 'CNZZDATA1256104530=159473096-1479890974-http%253A%252F%252Flocalhost%253A8980%252F%7C1480037306; greencms_last_visit_page=aHR0cDovL2xvY2FsaG9zdDo4OTgwL2luZGV4LnBocD9tPWFkbWluJmM9aW5kZXgmYT1pbmRleA%3D%3D; admin_username=admin; PHPSESSID=q71934ajfkqa6qabqm5oru3tv6; thinkphp_show_page_trace=0|0',
  'accept-language' => 'zh-CN,zh;q=0.8',
  'accept-encoding' => 'gzip, deflate, sdch',
  'accept' => 'text/html,application/xhtml+xml,application/xml;q=0.9,image/webp,*/*;q=0.8',
  'content-length' => '0',
  'connection' => 'keep-alive',
  'cache-control' => 'max-age=0',
  'content-type' => '',
)
[ info ] [ PARAM ] array (
)
[ info ] [ DB ] INIT mysql
[ info ] [ RUN ] app\index\controller\Index->index[ D:\phpStudy4IIS\WWW\application\index\controller\Index.php ]
[ info ] [ VIEW ] themes\index\index.html [ array (
  0 => 'site_config',
  1 => 'category_level_list',
  2 => 'article_list',
  3 => 'article_listt',
  4 => 'category_list',
  5 => 'cid',
) ]
[ info ] [ LOG ] INIT File
[ sql ] [ DB ] CONNECT:[ UseTime:0.000000s ] mysql:dbname=cms0;host=127.0.0.1;port=3306;charset=utf8
[ sql ] [ SQL ] SHOW COLUMNS FROM `think_system` [ RunTime:0.000000s ]
[ sql ] [ SQL ] SELECT `value` FROM `think_system` WHERE  `name` = 'site_config' LIMIT 1 [ RunTime:0.000000s ]
[ sql ] [ SQL ] SHOW COLUMNS FROM `think_category` [ RunTime:0.000000s ]
[ sql ] [ SQL ] SELECT * FROM `think_category` ORDER BY `sort`  DESC,`id`  ASC [ RunTime:0.000000s ]
[ sql ] [ SQL ] SHOW COLUMNS FROM `think_article` [ RunTime:0.015625s ]
[ sql ] [ SQL ] SELECT COUNT(*) AS tp_count FROM `think_article` LIMIT 1 [ RunTime:0.000000s ]
[ sql ] [ SQL ] SELECT `id`,`title`,`cid`,`author`,`reading`,`status`,`publish_time`,`sort` FROM `think_article` LIMIT 0,5 [ RunTime:0.000000s ]
[ sql ] [ SQL ] SELECT `id`,`name` FROM `think_category` [ RunTime:0.000000s ]
[ sql ] [ SQL ] SELECT `id`,`title`,`cid`,`author`,`reading`,`status`,`publish_time`,`sort` FROM `think_article` [ RunTime:0.000000s ]

---------------------------------------------------------------
[ 2016-11-30T11:01:57+08:00 ] 0.0.0.0 127.0.0.1 GET /
[ log ] localhost:8980/ [运行时间：0.062500s][吞吐率：16.00req/s] [内存消耗：1,973.45kb] [文件加载：56]
[ info ] [ LANG ] D:\phpStudy4IIS\WWW\thinkphp\lang\zh-cn.php
[ info ] [ ROUTE ] array (
  'type' => 'module',
  'module' => 
  array (
    0 => '',
    1 => NULL,
    2 => NULL,
  ),
)
[ info ] [ HEADER ] array (
  'upgrade-insecure-requests' => '1',
  'user-agent' => 'Mozilla/5.0 (Windows NT 5.2) AppleWebKit/537.36 (KHTML, like Gecko) Chrome/45.0.2454.101 Safari/537.36',
  'host' => 'localhost:8980',
  'cookie' => 'CNZZDATA1256104530=159473096-1479890974-http%253A%252F%252Flocalhost%253A8980%252F%7C1480037306; greencms_last_visit_page=aHR0cDovL2xvY2FsaG9zdDo4OTgwL2luZGV4LnBocD9tPWFkbWluJmM9aW5kZXgmYT1pbmRleA%3D%3D; admin_username=admin; PHPSESSID=q71934ajfkqa6qabqm5oru3tv6; thinkphp_show_page_trace=0|0',
  'accept-language' => 'zh-CN,zh;q=0.8',
  'accept-encoding' => 'gzip, deflate, sdch',
  'accept' => 'text/html,application/xhtml+xml,application/xml;q=0.9,image/webp,*/*;q=0.8',
  'content-length' => '0',
  'connection' => 'keep-alive',
  'cache-control' => 'max-age=0',
  'content-type' => '',
)
[ info ] [ PARAM ] array (
)
[ info ] [ DB ] INIT mysql
[ info ] [ RUN ] app\index\controller\Index->index[ D:\phpStudy4IIS\WWW\application\index\controller\Index.php ]
[ info ] [ VIEW ] themes\index\index.html [ array (
  0 => 'site_config',
  1 => 'category_level_list',
  2 => 'article_list',
  3 => 'article_listt',
  4 => 'category_list',
  5 => 'cid',
) ]
[ info ] [ LOG ] INIT File
[ sql ] [ DB ] CONNECT:[ UseTime:0.000000s ] mysql:dbname=cms0;host=127.0.0.1;port=3306;charset=utf8
[ sql ] [ SQL ] SHOW COLUMNS FROM `think_system` [ RunTime:0.000000s ]
[ sql ] [ SQL ] SELECT `value` FROM `think_system` WHERE  `name` = 'site_config' LIMIT 1 [ RunTime:0.000000s ]
[ sql ] [ SQL ] SHOW COLUMNS FROM `think_category` [ RunTime:0.000000s ]
[ sql ] [ SQL ] SELECT * FROM `think_category` ORDER BY `sort`  DESC,`id`  ASC [ RunTime:0.000000s ]
[ sql ] [ SQL ] SHOW COLUMNS FROM `think_article` [ RunTime:0.000000s ]
[ sql ] [ SQL ] SELECT COUNT(*) AS tp_count FROM `think_article` LIMIT 1 [ RunTime:0.000000s ]
[ sql ] [ SQL ] SELECT `id`,`title`,`cid`,`author`,`reading`,`status`,`publish_time`,`sort` FROM `think_article` LIMIT 0,5 [ RunTime:0.000000s ]
[ sql ] [ SQL ] SELECT `id`,`name` FROM `think_category` [ RunTime:0.000000s ]
[ sql ] [ SQL ] SELECT `id`,`title`,`cid`,`author`,`reading`,`status`,`publish_time`,`sort` FROM `think_article` [ RunTime:0.000000s ]

---------------------------------------------------------------
[ 2016-11-30T11:01:57+08:00 ] 0.0.0.0 127.0.0.1 GET /
[ log ] localhost:8980/ [运行时间：0.046875s][吞吐率：21.33req/s] [内存消耗：1,973.45kb] [文件加载：56]
[ info ] [ LANG ] D:\phpStudy4IIS\WWW\thinkphp\lang\zh-cn.php
[ info ] [ ROUTE ] array (
  'type' => 'module',
  'module' => 
  array (
    0 => '',
    1 => NULL,
    2 => NULL,
  ),
)
[ info ] [ HEADER ] array (
  'upgrade-insecure-requests' => '1',
  'user-agent' => 'Mozilla/5.0 (Windows NT 5.2) AppleWebKit/537.36 (KHTML, like Gecko) Chrome/45.0.2454.101 Safari/537.36',
  'host' => 'localhost:8980',
  'cookie' => 'CNZZDATA1256104530=159473096-1479890974-http%253A%252F%252Flocalhost%253A8980%252F%7C1480037306; greencms_last_visit_page=aHR0cDovL2xvY2FsaG9zdDo4OTgwL2luZGV4LnBocD9tPWFkbWluJmM9aW5kZXgmYT1pbmRleA%3D%3D; admin_username=admin; PHPSESSID=q71934ajfkqa6qabqm5oru3tv6; thinkphp_show_page_trace=0|0',
  'accept-language' => 'zh-CN,zh;q=0.8',
  'accept-encoding' => 'gzip, deflate, sdch',
  'accept' => 'text/html,application/xhtml+xml,application/xml;q=0.9,image/webp,*/*;q=0.8',
  'content-length' => '0',
  'connection' => 'keep-alive',
  'cache-control' => 'max-age=0',
  'content-type' => '',
)
[ info ] [ PARAM ] array (
)
[ info ] [ DB ] INIT mysql
[ info ] [ RUN ] app\index\controller\Index->index[ D:\phpStudy4IIS\WWW\application\index\controller\Index.php ]
[ info ] [ VIEW ] themes\index\index.html [ array (
  0 => 'site_config',
  1 => 'category_level_list',
  2 => 'article_list',
  3 => 'article_listt',
  4 => 'category_list',
  5 => 'cid',
) ]
[ info ] [ LOG ] INIT File
[ sql ] [ DB ] CONNECT:[ UseTime:0.000000s ] mysql:dbname=cms0;host=127.0.0.1;port=3306;charset=utf8
[ sql ] [ SQL ] SHOW COLUMNS FROM `think_system` [ RunTime:0.000000s ]
[ sql ] [ SQL ] SELECT `value` FROM `think_system` WHERE  `name` = 'site_config' LIMIT 1 [ RunTime:0.000000s ]
[ sql ] [ SQL ] SHOW COLUMNS FROM `think_category` [ RunTime:0.000000s ]
[ sql ] [ SQL ] SELECT * FROM `think_category` ORDER BY `sort`  DESC,`id`  ASC [ RunTime:0.000000s ]
[ sql ] [ SQL ] SHOW COLUMNS FROM `think_article` [ RunTime:0.015625s ]
[ sql ] [ SQL ] SELECT COUNT(*) AS tp_count FROM `think_article` LIMIT 1 [ RunTime:0.000000s ]
[ sql ] [ SQL ] SELECT `id`,`title`,`cid`,`author`,`reading`,`status`,`publish_time`,`sort` FROM `think_article` LIMIT 0,5 [ RunTime:0.000000s ]
[ sql ] [ SQL ] SELECT `id`,`name` FROM `think_category` [ RunTime:0.000000s ]
[ sql ] [ SQL ] SELECT `id`,`title`,`cid`,`author`,`reading`,`status`,`publish_time`,`sort` FROM `think_article` [ RunTime:0.000000s ]

---------------------------------------------------------------
[ 2016-11-30T11:01:57+08:00 ] 0.0.0.0 127.0.0.1 GET /
[ log ] localhost:8980/ [运行时间：0.078125s][吞吐率：12.80req/s] [内存消耗：1,973.45kb] [文件加载：56]
[ info ] [ LANG ] D:\phpStudy4IIS\WWW\thinkphp\lang\zh-cn.php
[ info ] [ ROUTE ] array (
  'type' => 'module',
  'module' => 
  array (
    0 => '',
    1 => NULL,
    2 => NULL,
  ),
)
[ info ] [ HEADER ] array (
  'upgrade-insecure-requests' => '1',
  'user-agent' => 'Mozilla/5.0 (Windows NT 5.2) AppleWebKit/537.36 (KHTML, like Gecko) Chrome/45.0.2454.101 Safari/537.36',
  'host' => 'localhost:8980',
  'cookie' => 'CNZZDATA1256104530=159473096-1479890974-http%253A%252F%252Flocalhost%253A8980%252F%7C1480037306; greencms_last_visit_page=aHR0cDovL2xvY2FsaG9zdDo4OTgwL2luZGV4LnBocD9tPWFkbWluJmM9aW5kZXgmYT1pbmRleA%3D%3D; admin_username=admin; PHPSESSID=q71934ajfkqa6qabqm5oru3tv6; thinkphp_show_page_trace=0|0',
  'accept-language' => 'zh-CN,zh;q=0.8',
  'accept-encoding' => 'gzip, deflate, sdch',
  'accept' => 'text/html,application/xhtml+xml,application/xml;q=0.9,image/webp,*/*;q=0.8',
  'content-length' => '0',
  'connection' => 'keep-alive',
  'cache-control' => 'max-age=0',
  'content-type' => '',
)
[ info ] [ PARAM ] array (
)
[ info ] [ DB ] INIT mysql
[ info ] [ RUN ] app\index\controller\Index->index[ D:\phpStudy4IIS\WWW\application\index\controller\Index.php ]
[ info ] [ VIEW ] themes\index\index.html [ array (
  0 => 'site_config',
  1 => 'category_level_list',
  2 => 'article_list',
  3 => 'article_listt',
  4 => 'category_list',
  5 => 'cid',
) ]
[ info ] [ LOG ] INIT File
[ sql ] [ DB ] CONNECT:[ UseTime:0.015625s ] mysql:dbname=cms0;host=127.0.0.1;port=3306;charset=utf8
[ sql ] [ SQL ] SHOW COLUMNS FROM `think_system` [ RunTime:0.000000s ]
[ sql ] [ SQL ] SELECT `value` FROM `think_system` WHERE  `name` = 'site_config' LIMIT 1 [ RunTime:0.000000s ]
[ sql ] [ SQL ] SHOW COLUMNS FROM `think_category` [ RunTime:0.000000s ]
[ sql ] [ SQL ] SELECT * FROM `think_category` ORDER BY `sort`  DESC,`id`  ASC [ RunTime:0.000000s ]
[ sql ] [ SQL ] SHOW COLUMNS FROM `think_article` [ RunTime:0.000000s ]
[ sql ] [ SQL ] SELECT COUNT(*) AS tp_count FROM `think_article` LIMIT 1 [ RunTime:0.000000s ]
[ sql ] [ SQL ] SELECT `id`,`title`,`cid`,`author`,`reading`,`status`,`publish_time`,`sort` FROM `think_article` LIMIT 0,5 [ RunTime:0.000000s ]
[ sql ] [ SQL ] SELECT `id`,`name` FROM `think_category` [ RunTime:0.000000s ]
[ sql ] [ SQL ] SELECT `id`,`title`,`cid`,`author`,`reading`,`status`,`publish_time`,`sort` FROM `think_article` [ RunTime:0.000000s ]

---------------------------------------------------------------
[ 2016-11-30T11:01:58+08:00 ] 0.0.0.0 127.0.0.1 GET /
[ log ] localhost:8980/ [运行时间：0.078125s][吞吐率：12.80req/s] [内存消耗：1,973.45kb] [文件加载：56]
[ info ] [ LANG ] D:\phpStudy4IIS\WWW\thinkphp\lang\zh-cn.php
[ info ] [ ROUTE ] array (
  'type' => 'module',
  'module' => 
  array (
    0 => '',
    1 => NULL,
    2 => NULL,
  ),
)
[ info ] [ HEADER ] array (
  'upgrade-insecure-requests' => '1',
  'user-agent' => 'Mozilla/5.0 (Windows NT 5.2) AppleWebKit/537.36 (KHTML, like Gecko) Chrome/45.0.2454.101 Safari/537.36',
  'host' => 'localhost:8980',
  'cookie' => 'CNZZDATA1256104530=159473096-1479890974-http%253A%252F%252Flocalhost%253A8980%252F%7C1480037306; greencms_last_visit_page=aHR0cDovL2xvY2FsaG9zdDo4OTgwL2luZGV4LnBocD9tPWFkbWluJmM9aW5kZXgmYT1pbmRleA%3D%3D; admin_username=admin; PHPSESSID=q71934ajfkqa6qabqm5oru3tv6; thinkphp_show_page_trace=0|0',
  'accept-language' => 'zh-CN,zh;q=0.8',
  'accept-encoding' => 'gzip, deflate, sdch',
  'accept' => 'text/html,application/xhtml+xml,application/xml;q=0.9,image/webp,*/*;q=0.8',
  'content-length' => '0',
  'connection' => 'keep-alive',
  'cache-control' => 'max-age=0',
  'content-type' => '',
)
[ info ] [ PARAM ] array (
)
[ info ] [ DB ] INIT mysql
[ info ] [ RUN ] app\index\controller\Index->index[ D:\phpStudy4IIS\WWW\application\index\controller\Index.php ]
[ info ] [ VIEW ] themes\index\index.html [ array (
  0 => 'site_config',
  1 => 'category_level_list',
  2 => 'article_list',
  3 => 'article_listt',
  4 => 'category_list',
  5 => 'cid',
) ]
[ info ] [ LOG ] INIT File
[ sql ] [ DB ] CONNECT:[ UseTime:0.015625s ] mysql:dbname=cms0;host=127.0.0.1;port=3306;charset=utf8
[ sql ] [ SQL ] SHOW COLUMNS FROM `think_system` [ RunTime:0.000000s ]
[ sql ] [ SQL ] SELECT `value` FROM `think_system` WHERE  `name` = 'site_config' LIMIT 1 [ RunTime:0.000000s ]
[ sql ] [ SQL ] SHOW COLUMNS FROM `think_category` [ RunTime:0.015625s ]
[ sql ] [ SQL ] SELECT * FROM `think_category` ORDER BY `sort`  DESC,`id`  ASC [ RunTime:0.000000s ]
[ sql ] [ SQL ] SHOW COLUMNS FROM `think_article` [ RunTime:0.000000s ]
[ sql ] [ SQL ] SELECT COUNT(*) AS tp_count FROM `think_article` LIMIT 1 [ RunTime:0.000000s ]
[ sql ] [ SQL ] SELECT `id`,`title`,`cid`,`author`,`reading`,`status`,`publish_time`,`sort` FROM `think_article` LIMIT 0,5 [ RunTime:0.000000s ]
[ sql ] [ SQL ] SELECT `id`,`name` FROM `think_category` [ RunTime:0.000000s ]
[ sql ] [ SQL ] SELECT `id`,`title`,`cid`,`author`,`reading`,`status`,`publish_time`,`sort` FROM `think_article` [ RunTime:0.015625s ]

---------------------------------------------------------------
[ 2016-11-30T11:01:58+08:00 ] 0.0.0.0 127.0.0.1 GET /
[ log ] localhost:8980/ [运行时间：0.062500s][吞吐率：16.00req/s] [内存消耗：1,973.45kb] [文件加载：56]
[ info ] [ LANG ] D:\phpStudy4IIS\WWW\thinkphp\lang\zh-cn.php
[ info ] [ ROUTE ] array (
  'type' => 'module',
  'module' => 
  array (
    0 => '',
    1 => NULL,
    2 => NULL,
  ),
)
[ info ] [ HEADER ] array (
  'upgrade-insecure-requests' => '1',
  'user-agent' => 'Mozilla/5.0 (Windows NT 5.2) AppleWebKit/537.36 (KHTML, like Gecko) Chrome/45.0.2454.101 Safari/537.36',
  'host' => 'localhost:8980',
  'cookie' => 'CNZZDATA1256104530=159473096-1479890974-http%253A%252F%252Flocalhost%253A8980%252F%7C1480037306; greencms_last_visit_page=aHR0cDovL2xvY2FsaG9zdDo4OTgwL2luZGV4LnBocD9tPWFkbWluJmM9aW5kZXgmYT1pbmRleA%3D%3D; admin_username=admin; PHPSESSID=q71934ajfkqa6qabqm5oru3tv6; thinkphp_show_page_trace=0|0',
  'accept-language' => 'zh-CN,zh;q=0.8',
  'accept-encoding' => 'gzip, deflate, sdch',
  'accept' => 'text/html,application/xhtml+xml,application/xml;q=0.9,image/webp,*/*;q=0.8',
  'content-length' => '0',
  'connection' => 'keep-alive',
  'cache-control' => 'max-age=0',
  'content-type' => '',
)
[ info ] [ PARAM ] array (
)
[ info ] [ DB ] INIT mysql
[ info ] [ RUN ] app\index\controller\Index->index[ D:\phpStudy4IIS\WWW\application\index\controller\Index.php ]
[ info ] [ VIEW ] themes\index\index.html [ array (
  0 => 'site_config',
  1 => 'category_level_list',
  2 => 'article_list',
  3 => 'article_listt',
  4 => 'category_list',
  5 => 'cid',
) ]
[ info ] [ LOG ] INIT File
[ sql ] [ DB ] CONNECT:[ UseTime:0.000000s ] mysql:dbname=cms0;host=127.0.0.1;port=3306;charset=utf8
[ sql ] [ SQL ] SHOW COLUMNS FROM `think_system` [ RunTime:0.000000s ]
[ sql ] [ SQL ] SELECT `value` FROM `think_system` WHERE  `name` = 'site_config' LIMIT 1 [ RunTime:0.000000s ]
[ sql ] [ SQL ] SHOW COLUMNS FROM `think_category` [ RunTime:0.000000s ]
[ sql ] [ SQL ] SELECT * FROM `think_category` ORDER BY `sort`  DESC,`id`  ASC [ RunTime:0.000000s ]
[ sql ] [ SQL ] SHOW COLUMNS FROM `think_article` [ RunTime:0.000000s ]
[ sql ] [ SQL ] SELECT COUNT(*) AS tp_count FROM `think_article` LIMIT 1 [ RunTime:0.000000s ]
[ sql ] [ SQL ] SELECT `id`,`title`,`cid`,`author`,`reading`,`status`,`publish_time`,`sort` FROM `think_article` LIMIT 0,5 [ RunTime:0.000000s ]
[ sql ] [ SQL ] SELECT `id`,`name` FROM `think_category` [ RunTime:0.000000s ]
[ sql ] [ SQL ] SELECT `id`,`title`,`cid`,`author`,`reading`,`status`,`publish_time`,`sort` FROM `think_article` [ RunTime:0.000000s ]

---------------------------------------------------------------
[ 2016-11-30T11:01:58+08:00 ] 0.0.0.0 127.0.0.1 GET /
[ log ] localhost:8980/ [运行时间：0.078125s][吞吐率：12.80req/s] [内存消耗：1,973.45kb] [文件加载：56]
[ info ] [ LANG ] D:\phpStudy4IIS\WWW\thinkphp\lang\zh-cn.php
[ info ] [ ROUTE ] array (
  'type' => 'module',
  'module' => 
  array (
    0 => '',
    1 => NULL,
    2 => NULL,
  ),
)
[ info ] [ HEADER ] array (
  'upgrade-insecure-requests' => '1',
  'user-agent' => 'Mozilla/5.0 (Windows NT 5.2) AppleWebKit/537.36 (KHTML, like Gecko) Chrome/45.0.2454.101 Safari/537.36',
  'host' => 'localhost:8980',
  'cookie' => 'CNZZDATA1256104530=159473096-1479890974-http%253A%252F%252Flocalhost%253A8980%252F%7C1480037306; greencms_last_visit_page=aHR0cDovL2xvY2FsaG9zdDo4OTgwL2luZGV4LnBocD9tPWFkbWluJmM9aW5kZXgmYT1pbmRleA%3D%3D; admin_username=admin; PHPSESSID=q71934ajfkqa6qabqm5oru3tv6; thinkphp_show_page_trace=0|0',
  'accept-language' => 'zh-CN,zh;q=0.8',
  'accept-encoding' => 'gzip, deflate, sdch',
  'accept' => 'text/html,application/xhtml+xml,application/xml;q=0.9,image/webp,*/*;q=0.8',
  'content-length' => '0',
  'connection' => 'keep-alive',
  'cache-control' => 'max-age=0',
  'content-type' => '',
)
[ info ] [ PARAM ] array (
)
[ info ] [ DB ] INIT mysql
[ info ] [ RUN ] app\index\controller\Index->index[ D:\phpStudy4IIS\WWW\application\index\controller\Index.php ]
[ info ] [ VIEW ] themes\index\index.html [ array (
  0 => 'site_config',
  1 => 'category_level_list',
  2 => 'article_list',
  3 => 'article_listt',
  4 => 'category_list',
  5 => 'cid',
) ]
[ info ] [ LOG ] INIT File
[ sql ] [ DB ] CONNECT:[ UseTime:0.015625s ] mysql:dbname=cms0;host=127.0.0.1;port=3306;charset=utf8
[ sql ] [ SQL ] SHOW COLUMNS FROM `think_system` [ RunTime:0.000000s ]
[ sql ] [ SQL ] SELECT `value` FROM `think_system` WHERE  `name` = 'site_config' LIMIT 1 [ RunTime:0.000000s ]
[ sql ] [ SQL ] SHOW COLUMNS FROM `think_category` [ RunTime:0.015625s ]
[ sql ] [ SQL ] SELECT * FROM `think_category` ORDER BY `sort`  DESC,`id`  ASC [ RunTime:0.000000s ]
[ sql ] [ SQL ] SHOW COLUMNS FROM `think_article` [ RunTime:0.000000s ]
[ sql ] [ SQL ] SELECT COUNT(*) AS tp_count FROM `think_article` LIMIT 1 [ RunTime:0.000000s ]
[ sql ] [ SQL ] SELECT `id`,`title`,`cid`,`author`,`reading`,`status`,`publish_time`,`sort` FROM `think_article` LIMIT 0,5 [ RunTime:0.000000s ]
[ sql ] [ SQL ] SELECT `id`,`name` FROM `think_category` [ RunTime:0.000000s ]
[ sql ] [ SQL ] SELECT `id`,`title`,`cid`,`author`,`reading`,`status`,`publish_time`,`sort` FROM `think_article` [ RunTime:0.000000s ]

---------------------------------------------------------------
[ 2016-11-30T11:01:58+08:00 ] 0.0.0.0 127.0.0.1 GET /
[ log ] localhost:8980/ [运行时间：0.078125s][吞吐率：12.80req/s] [内存消耗：1,973.45kb] [文件加载：56]
[ info ] [ LANG ] D:\phpStudy4IIS\WWW\thinkphp\lang\zh-cn.php
[ info ] [ ROUTE ] array (
  'type' => 'module',
  'module' => 
  array (
    0 => '',
    1 => NULL,
    2 => NULL,
  ),
)
[ info ] [ HEADER ] array (
  'upgrade-insecure-requests' => '1',
  'user-agent' => 'Mozilla/5.0 (Windows NT 5.2) AppleWebKit/537.36 (KHTML, like Gecko) Chrome/45.0.2454.101 Safari/537.36',
  'host' => 'localhost:8980',
  'cookie' => 'CNZZDATA1256104530=159473096-1479890974-http%253A%252F%252Flocalhost%253A8980%252F%7C1480037306; greencms_last_visit_page=aHR0cDovL2xvY2FsaG9zdDo4OTgwL2luZGV4LnBocD9tPWFkbWluJmM9aW5kZXgmYT1pbmRleA%3D%3D; admin_username=admin; PHPSESSID=q71934ajfkqa6qabqm5oru3tv6; thinkphp_show_page_trace=0|0',
  'accept-language' => 'zh-CN,zh;q=0.8',
  'accept-encoding' => 'gzip, deflate, sdch',
  'accept' => 'text/html,application/xhtml+xml,application/xml;q=0.9,image/webp,*/*;q=0.8',
  'content-length' => '0',
  'connection' => 'keep-alive',
  'cache-control' => 'max-age=0',
  'content-type' => '',
)
[ info ] [ PARAM ] array (
)
[ info ] [ DB ] INIT mysql
[ info ] [ RUN ] app\index\controller\Index->index[ D:\phpStudy4IIS\WWW\application\index\controller\Index.php ]
[ info ] [ VIEW ] themes\index\index.html [ array (
  0 => 'site_config',
  1 => 'category_level_list',
  2 => 'article_list',
  3 => 'article_listt',
  4 => 'category_list',
  5 => 'cid',
) ]
[ info ] [ LOG ] INIT File
[ sql ] [ DB ] CONNECT:[ UseTime:0.015625s ] mysql:dbname=cms0;host=127.0.0.1;port=3306;charset=utf8
[ sql ] [ SQL ] SHOW COLUMNS FROM `think_system` [ RunTime:0.000000s ]
[ sql ] [ SQL ] SELECT `value` FROM `think_system` WHERE  `name` = 'site_config' LIMIT 1 [ RunTime:0.000000s ]
[ sql ] [ SQL ] SHOW COLUMNS FROM `think_category` [ RunTime:0.000000s ]
[ sql ] [ SQL ] SELECT * FROM `think_category` ORDER BY `sort`  DESC,`id`  ASC [ RunTime:0.000000s ]
[ sql ] [ SQL ] SHOW COLUMNS FROM `think_article` [ RunTime:0.000000s ]
[ sql ] [ SQL ] SELECT COUNT(*) AS tp_count FROM `think_article` LIMIT 1 [ RunTime:0.000000s ]
[ sql ] [ SQL ] SELECT `id`,`title`,`cid`,`author`,`reading`,`status`,`publish_time`,`sort` FROM `think_article` LIMIT 0,5 [ RunTime:0.000000s ]
[ sql ] [ SQL ] SELECT `id`,`name` FROM `think_category` [ RunTime:0.000000s ]
[ sql ] [ SQL ] SELECT `id`,`title`,`cid`,`author`,`reading`,`status`,`publish_time`,`sort` FROM `think_article` [ RunTime:0.000000s ]

---------------------------------------------------------------
[ 2016-11-30T11:01:58+08:00 ] 0.0.0.0 127.0.0.1 GET /
[ log ] localhost:8980/ [运行时间：0.078125s][吞吐率：12.80req/s] [内存消耗：1,973.45kb] [文件加载：56]
[ info ] [ LANG ] D:\phpStudy4IIS\WWW\thinkphp\lang\zh-cn.php
[ info ] [ ROUTE ] array (
  'type' => 'module',
  'module' => 
  array (
    0 => '',
    1 => NULL,
    2 => NULL,
  ),
)
[ info ] [ HEADER ] array (
  'upgrade-insecure-requests' => '1',
  'user-agent' => 'Mozilla/5.0 (Windows NT 5.2) AppleWebKit/537.36 (KHTML, like Gecko) Chrome/45.0.2454.101 Safari/537.36',
  'host' => 'localhost:8980',
  'cookie' => 'CNZZDATA1256104530=159473096-1479890974-http%253A%252F%252Flocalhost%253A8980%252F%7C1480037306; greencms_last_visit_page=aHR0cDovL2xvY2FsaG9zdDo4OTgwL2luZGV4LnBocD9tPWFkbWluJmM9aW5kZXgmYT1pbmRleA%3D%3D; admin_username=admin; PHPSESSID=q71934ajfkqa6qabqm5oru3tv6; thinkphp_show_page_trace=0|0',
  'accept-language' => 'zh-CN,zh;q=0.8',
  'accept-encoding' => 'gzip, deflate, sdch',
  'accept' => 'text/html,application/xhtml+xml,application/xml;q=0.9,image/webp,*/*;q=0.8',
  'content-length' => '0',
  'connection' => 'keep-alive',
  'cache-control' => 'max-age=0',
  'content-type' => '',
)
[ info ] [ PARAM ] array (
)
[ info ] [ DB ] INIT mysql
[ info ] [ RUN ] app\index\controller\Index->index[ D:\phpStudy4IIS\WWW\application\index\controller\Index.php ]
[ info ] [ VIEW ] themes\index\index.html [ array (
  0 => 'site_config',
  1 => 'category_level_list',
  2 => 'article_list',
  3 => 'article_listt',
  4 => 'category_list',
  5 => 'cid',
) ]
[ info ] [ LOG ] INIT File
[ sql ] [ DB ] CONNECT:[ UseTime:0.000000s ] mysql:dbname=cms0;host=127.0.0.1;port=3306;charset=utf8
[ sql ] [ SQL ] SHOW COLUMNS FROM `think_system` [ RunTime:0.015625s ]
[ sql ] [ SQL ] SELECT `value` FROM `think_system` WHERE  `name` = 'site_config' LIMIT 1 [ RunTime:0.000000s ]
[ sql ] [ SQL ] SHOW COLUMNS FROM `think_category` [ RunTime:0.000000s ]
[ sql ] [ SQL ] SELECT * FROM `think_category` ORDER BY `sort`  DESC,`id`  ASC [ RunTime:0.000000s ]
[ sql ] [ SQL ] SHOW COLUMNS FROM `think_article` [ RunTime:0.000000s ]
[ sql ] [ SQL ] SELECT COUNT(*) AS tp_count FROM `think_article` LIMIT 1 [ RunTime:0.000000s ]
[ sql ] [ SQL ] SELECT `id`,`title`,`cid`,`author`,`reading`,`status`,`publish_time`,`sort` FROM `think_article` LIMIT 0,5 [ RunTime:0.000000s ]
[ sql ] [ SQL ] SELECT `id`,`name` FROM `think_category` [ RunTime:0.000000s ]
[ sql ] [ SQL ] SELECT `id`,`title`,`cid`,`author`,`reading`,`status`,`publish_time`,`sort` FROM `think_article` [ RunTime:0.000000s ]

---------------------------------------------------------------
[ 2016-11-30T11:01:58+08:00 ] 0.0.0.0 127.0.0.1 GET /
[ log ] localhost:8980/ [运行时间：0.078125s][吞吐率：12.80req/s] [内存消耗：1,973.45kb] [文件加载：56]
[ info ] [ LANG ] D:\phpStudy4IIS\WWW\thinkphp\lang\zh-cn.php
[ info ] [ ROUTE ] array (
  'type' => 'module',
  'module' => 
  array (
    0 => '',
    1 => NULL,
    2 => NULL,
  ),
)
[ info ] [ HEADER ] array (
  'upgrade-insecure-requests' => '1',
  'user-agent' => 'Mozilla/5.0 (Windows NT 5.2) AppleWebKit/537.36 (KHTML, like Gecko) Chrome/45.0.2454.101 Safari/537.36',
  'host' => 'localhost:8980',
  'cookie' => 'CNZZDATA1256104530=159473096-1479890974-http%253A%252F%252Flocalhost%253A8980%252F%7C1480037306; greencms_last_visit_page=aHR0cDovL2xvY2FsaG9zdDo4OTgwL2luZGV4LnBocD9tPWFkbWluJmM9aW5kZXgmYT1pbmRleA%3D%3D; admin_username=admin; PHPSESSID=q71934ajfkqa6qabqm5oru3tv6; thinkphp_show_page_trace=0|0',
  'accept-language' => 'zh-CN,zh;q=0.8',
  'accept-encoding' => 'gzip, deflate, sdch',
  'accept' => 'text/html,application/xhtml+xml,application/xml;q=0.9,image/webp,*/*;q=0.8',
  'content-length' => '0',
  'connection' => 'keep-alive',
  'cache-control' => 'max-age=0',
  'content-type' => '',
)
[ info ] [ PARAM ] array (
)
[ info ] [ DB ] INIT mysql
[ info ] [ RUN ] app\index\controller\Index->index[ D:\phpStudy4IIS\WWW\application\index\controller\Index.php ]
[ info ] [ VIEW ] themes\index\index.html [ array (
  0 => 'site_config',
  1 => 'category_level_list',
  2 => 'article_list',
  3 => 'article_listt',
  4 => 'category_list',
  5 => 'cid',
) ]
[ info ] [ LOG ] INIT File
[ sql ] [ DB ] CONNECT:[ UseTime:0.015625s ] mysql:dbname=cms0;host=127.0.0.1;port=3306;charset=utf8
[ sql ] [ SQL ] SHOW COLUMNS FROM `think_system` [ RunTime:0.000000s ]
[ sql ] [ SQL ] SELECT `value` FROM `think_system` WHERE  `name` = 'site_config' LIMIT 1 [ RunTime:0.000000s ]
[ sql ] [ SQL ] SHOW COLUMNS FROM `think_category` [ RunTime:0.000000s ]
[ sql ] [ SQL ] SELECT * FROM `think_category` ORDER BY `sort`  DESC,`id`  ASC [ RunTime:0.000000s ]
[ sql ] [ SQL ] SHOW COLUMNS FROM `think_article` [ RunTime:0.000000s ]
[ sql ] [ SQL ] SELECT COUNT(*) AS tp_count FROM `think_article` LIMIT 1 [ RunTime:0.000000s ]
[ sql ] [ SQL ] SELECT `id`,`title`,`cid`,`author`,`reading`,`status`,`publish_time`,`sort` FROM `think_article` LIMIT 0,5 [ RunTime:0.000000s ]
[ sql ] [ SQL ] SELECT `id`,`name` FROM `think_category` [ RunTime:0.000000s ]
[ sql ] [ SQL ] SELECT `id`,`title`,`cid`,`author`,`reading`,`status`,`publish_time`,`sort` FROM `think_article` [ RunTime:0.000000s ]

---------------------------------------------------------------
[ 2016-11-30T11:01:58+08:00 ] 0.0.0.0 127.0.0.1 GET /
[ log ] localhost:8980/ [运行时间：0.078125s][吞吐率：12.80req/s] [内存消耗：1,973.45kb] [文件加载：56]
[ info ] [ LANG ] D:\phpStudy4IIS\WWW\thinkphp\lang\zh-cn.php
[ info ] [ ROUTE ] array (
  'type' => 'module',
  'module' => 
  array (
    0 => '',
    1 => NULL,
    2 => NULL,
  ),
)
[ info ] [ HEADER ] array (
  'upgrade-insecure-requests' => '1',
  'user-agent' => 'Mozilla/5.0 (Windows NT 5.2) AppleWebKit/537.36 (KHTML, like Gecko) Chrome/45.0.2454.101 Safari/537.36',
  'host' => 'localhost:8980',
  'cookie' => 'CNZZDATA1256104530=159473096-1479890974-http%253A%252F%252Flocalhost%253A8980%252F%7C1480037306; greencms_last_visit_page=aHR0cDovL2xvY2FsaG9zdDo4OTgwL2luZGV4LnBocD9tPWFkbWluJmM9aW5kZXgmYT1pbmRleA%3D%3D; admin_username=admin; PHPSESSID=q71934ajfkqa6qabqm5oru3tv6; thinkphp_show_page_trace=0|0',
  'accept-language' => 'zh-CN,zh;q=0.8',
  'accept-encoding' => 'gzip, deflate, sdch',
  'accept' => 'text/html,application/xhtml+xml,application/xml;q=0.9,image/webp,*/*;q=0.8',
  'content-length' => '0',
  'connection' => 'keep-alive',
  'cache-control' => 'max-age=0',
  'content-type' => '',
)
[ info ] [ PARAM ] array (
)
[ info ] [ DB ] INIT mysql
[ info ] [ RUN ] app\index\controller\Index->index[ D:\phpStudy4IIS\WWW\application\index\controller\Index.php ]
[ info ] [ VIEW ] themes\index\index.html [ array (
  0 => 'site_config',
  1 => 'category_level_list',
  2 => 'article_list',
  3 => 'article_listt',
  4 => 'category_list',
  5 => 'cid',
) ]
[ info ] [ LOG ] INIT File
[ sql ] [ DB ] CONNECT:[ UseTime:0.015625s ] mysql:dbname=cms0;host=127.0.0.1;port=3306;charset=utf8
[ sql ] [ SQL ] SHOW COLUMNS FROM `think_system` [ RunTime:0.000000s ]
[ sql ] [ SQL ] SELECT `value` FROM `think_system` WHERE  `name` = 'site_config' LIMIT 1 [ RunTime:0.000000s ]
[ sql ] [ SQL ] SHOW COLUMNS FROM `think_category` [ RunTime:0.000000s ]
[ sql ] [ SQL ] SELECT * FROM `think_category` ORDER BY `sort`  DESC,`id`  ASC [ RunTime:0.000000s ]
[ sql ] [ SQL ] SHOW COLUMNS FROM `think_article` [ RunTime:0.000000s ]
[ sql ] [ SQL ] SELECT COUNT(*) AS tp_count FROM `think_article` LIMIT 1 [ RunTime:0.000000s ]
[ sql ] [ SQL ] SELECT `id`,`title`,`cid`,`author`,`reading`,`status`,`publish_time`,`sort` FROM `think_article` LIMIT 0,5 [ RunTime:0.000000s ]
[ sql ] [ SQL ] SELECT `id`,`name` FROM `think_category` [ RunTime:0.000000s ]
[ sql ] [ SQL ] SELECT `id`,`title`,`cid`,`author`,`reading`,`status`,`publish_time`,`sort` FROM `think_article` [ RunTime:0.000000s ]

---------------------------------------------------------------
[ 2016-11-30T11:01:58+08:00 ] 0.0.0.0 127.0.0.1 GET /
[ log ] localhost:8980/ [运行时间：0.046875s][吞吐率：21.33req/s] [内存消耗：1,973.45kb] [文件加载：56]
[ info ] [ LANG ] D:\phpStudy4IIS\WWW\thinkphp\lang\zh-cn.php
[ info ] [ ROUTE ] array (
  'type' => 'module',
  'module' => 
  array (
    0 => '',
    1 => NULL,
    2 => NULL,
  ),
)
[ info ] [ HEADER ] array (
  'upgrade-insecure-requests' => '1',
  'user-agent' => 'Mozilla/5.0 (Windows NT 5.2) AppleWebKit/537.36 (KHTML, like Gecko) Chrome/45.0.2454.101 Safari/537.36',
  'host' => 'localhost:8980',
  'cookie' => 'CNZZDATA1256104530=159473096-1479890974-http%253A%252F%252Flocalhost%253A8980%252F%7C1480037306; greencms_last_visit_page=aHR0cDovL2xvY2FsaG9zdDo4OTgwL2luZGV4LnBocD9tPWFkbWluJmM9aW5kZXgmYT1pbmRleA%3D%3D; admin_username=admin; PHPSESSID=q71934ajfkqa6qabqm5oru3tv6; thinkphp_show_page_trace=0|0',
  'accept-language' => 'zh-CN,zh;q=0.8',
  'accept-encoding' => 'gzip, deflate, sdch',
  'accept' => 'text/html,application/xhtml+xml,application/xml;q=0.9,image/webp,*/*;q=0.8',
  'content-length' => '0',
  'connection' => 'keep-alive',
  'cache-control' => 'max-age=0',
  'content-type' => '',
)
[ info ] [ PARAM ] array (
)
[ info ] [ DB ] INIT mysql
[ info ] [ RUN ] app\index\controller\Index->index[ D:\phpStudy4IIS\WWW\application\index\controller\Index.php ]
[ info ] [ VIEW ] themes\index\index.html [ array (
  0 => 'site_config',
  1 => 'category_level_list',
  2 => 'article_list',
  3 => 'article_listt',
  4 => 'category_list',
  5 => 'cid',
) ]
[ info ] [ LOG ] INIT File
[ sql ] [ DB ] CONNECT:[ UseTime:0.000000s ] mysql:dbname=cms0;host=127.0.0.1;port=3306;charset=utf8
[ sql ] [ SQL ] SHOW COLUMNS FROM `think_system` [ RunTime:0.000000s ]
[ sql ] [ SQL ] SELECT `value` FROM `think_system` WHERE  `name` = 'site_config' LIMIT 1 [ RunTime:0.000000s ]
[ sql ] [ SQL ] SHOW COLUMNS FROM `think_category` [ RunTime:0.000000s ]
[ sql ] [ SQL ] SELECT * FROM `think_category` ORDER BY `sort`  DESC,`id`  ASC [ RunTime:0.000000s ]
[ sql ] [ SQL ] SHOW COLUMNS FROM `think_article` [ RunTime:0.000000s ]
[ sql ] [ SQL ] SELECT COUNT(*) AS tp_count FROM `think_article` LIMIT 1 [ RunTime:0.000000s ]
[ sql ] [ SQL ] SELECT `id`,`title`,`cid`,`author`,`reading`,`status`,`publish_time`,`sort` FROM `think_article` LIMIT 0,5 [ RunTime:0.000000s ]
[ sql ] [ SQL ] SELECT `id`,`name` FROM `think_category` [ RunTime:0.000000s ]
[ sql ] [ SQL ] SELECT `id`,`title`,`cid`,`author`,`reading`,`status`,`publish_time`,`sort` FROM `think_article` [ RunTime:0.000000s ]

---------------------------------------------------------------
[ 2016-11-30T11:01:58+08:00 ] 0.0.0.0 127.0.0.1 GET /
[ log ] localhost:8980/ [运行时间：0.046875s][吞吐率：21.33req/s] [内存消耗：1,973.45kb] [文件加载：56]
[ info ] [ LANG ] D:\phpStudy4IIS\WWW\thinkphp\lang\zh-cn.php
[ info ] [ ROUTE ] array (
  'type' => 'module',
  'module' => 
  array (
    0 => '',
    1 => NULL,
    2 => NULL,
  ),
)
[ info ] [ HEADER ] array (
  'upgrade-insecure-requests' => '1',
  'user-agent' => 'Mozilla/5.0 (Windows NT 5.2) AppleWebKit/537.36 (KHTML, like Gecko) Chrome/45.0.2454.101 Safari/537.36',
  'host' => 'localhost:8980',
  'cookie' => 'CNZZDATA1256104530=159473096-1479890974-http%253A%252F%252Flocalhost%253A8980%252F%7C1480037306; greencms_last_visit_page=aHR0cDovL2xvY2FsaG9zdDo4OTgwL2luZGV4LnBocD9tPWFkbWluJmM9aW5kZXgmYT1pbmRleA%3D%3D; admin_username=admin; PHPSESSID=q71934ajfkqa6qabqm5oru3tv6; thinkphp_show_page_trace=0|0',
  'accept-language' => 'zh-CN,zh;q=0.8',
  'accept-encoding' => 'gzip, deflate, sdch',
  'accept' => 'text/html,application/xhtml+xml,application/xml;q=0.9,image/webp,*/*;q=0.8',
  'content-length' => '0',
  'connection' => 'keep-alive',
  'cache-control' => 'max-age=0',
  'content-type' => '',
)
[ info ] [ PARAM ] array (
)
[ info ] [ DB ] INIT mysql
[ info ] [ RUN ] app\index\controller\Index->index[ D:\phpStudy4IIS\WWW\application\index\controller\Index.php ]
[ info ] [ VIEW ] themes\index\index.html [ array (
  0 => 'site_config',
  1 => 'category_level_list',
  2 => 'article_list',
  3 => 'article_listt',
  4 => 'category_list',
  5 => 'cid',
) ]
[ info ] [ LOG ] INIT File
[ sql ] [ DB ] CONNECT:[ UseTime:0.000000s ] mysql:dbname=cms0;host=127.0.0.1;port=3306;charset=utf8
[ sql ] [ SQL ] SHOW COLUMNS FROM `think_system` [ RunTime:0.000000s ]
[ sql ] [ SQL ] SELECT `value` FROM `think_system` WHERE  `name` = 'site_config' LIMIT 1 [ RunTime:0.000000s ]
[ sql ] [ SQL ] SHOW COLUMNS FROM `think_category` [ RunTime:0.000000s ]
[ sql ] [ SQL ] SELECT * FROM `think_category` ORDER BY `sort`  DESC,`id`  ASC [ RunTime:0.000000s ]
[ sql ] [ SQL ] SHOW COLUMNS FROM `think_article` [ RunTime:0.000000s ]
[ sql ] [ SQL ] SELECT COUNT(*) AS tp_count FROM `think_article` LIMIT 1 [ RunTime:0.000000s ]
[ sql ] [ SQL ] SELECT `id`,`title`,`cid`,`author`,`reading`,`status`,`publish_time`,`sort` FROM `think_article` LIMIT 0,5 [ RunTime:0.000000s ]
[ sql ] [ SQL ] SELECT `id`,`name` FROM `think_category` [ RunTime:0.000000s ]
[ sql ] [ SQL ] SELECT `id`,`title`,`cid`,`author`,`reading`,`status`,`publish_time`,`sort` FROM `think_article` [ RunTime:0.000000s ]

---------------------------------------------------------------
[ 2016-11-30T11:01:58+08:00 ] 0.0.0.0 127.0.0.1 GET /
[ log ] localhost:8980/ [运行时间：0.046875s][吞吐率：21.33req/s] [内存消耗：1,973.45kb] [文件加载：56]
[ info ] [ LANG ] D:\phpStudy4IIS\WWW\thinkphp\lang\zh-cn.php
[ info ] [ ROUTE ] array (
  'type' => 'module',
  'module' => 
  array (
    0 => '',
    1 => NULL,
    2 => NULL,
  ),
)
[ info ] [ HEADER ] array (
  'upgrade-insecure-requests' => '1',
  'user-agent' => 'Mozilla/5.0 (Windows NT 5.2) AppleWebKit/537.36 (KHTML, like Gecko) Chrome/45.0.2454.101 Safari/537.36',
  'host' => 'localhost:8980',
  'cookie' => 'CNZZDATA1256104530=159473096-1479890974-http%253A%252F%252Flocalhost%253A8980%252F%7C1480037306; greencms_last_visit_page=aHR0cDovL2xvY2FsaG9zdDo4OTgwL2luZGV4LnBocD9tPWFkbWluJmM9aW5kZXgmYT1pbmRleA%3D%3D; admin_username=admin; PHPSESSID=q71934ajfkqa6qabqm5oru3tv6; thinkphp_show_page_trace=0|0',
  'accept-language' => 'zh-CN,zh;q=0.8',
  'accept-encoding' => 'gzip, deflate, sdch',
  'accept' => 'text/html,application/xhtml+xml,application/xml;q=0.9,image/webp,*/*;q=0.8',
  'content-length' => '0',
  'connection' => 'keep-alive',
  'cache-control' => 'max-age=0',
  'content-type' => '',
)
[ info ] [ PARAM ] array (
)
[ info ] [ DB ] INIT mysql
[ info ] [ RUN ] app\index\controller\Index->index[ D:\phpStudy4IIS\WWW\application\index\controller\Index.php ]
[ info ] [ VIEW ] themes\index\index.html [ array (
  0 => 'site_config',
  1 => 'category_level_list',
  2 => 'article_list',
  3 => 'article_listt',
  4 => 'category_list',
  5 => 'cid',
) ]
[ info ] [ LOG ] INIT File
[ sql ] [ DB ] CONNECT:[ UseTime:0.000000s ] mysql:dbname=cms0;host=127.0.0.1;port=3306;charset=utf8
[ sql ] [ SQL ] SHOW COLUMNS FROM `think_system` [ RunTime:0.000000s ]
[ sql ] [ SQL ] SELECT `value` FROM `think_system` WHERE  `name` = 'site_config' LIMIT 1 [ RunTime:0.000000s ]
[ sql ] [ SQL ] SHOW COLUMNS FROM `think_category` [ RunTime:0.000000s ]
[ sql ] [ SQL ] SELECT * FROM `think_category` ORDER BY `sort`  DESC,`id`  ASC [ RunTime:0.000000s ]
[ sql ] [ SQL ] SHOW COLUMNS FROM `think_article` [ RunTime:0.000000s ]
[ sql ] [ SQL ] SELECT COUNT(*) AS tp_count FROM `think_article` LIMIT 1 [ RunTime:0.000000s ]
[ sql ] [ SQL ] SELECT `id`,`title`,`cid`,`author`,`reading`,`status`,`publish_time`,`sort` FROM `think_article` LIMIT 0,5 [ RunTime:0.000000s ]
[ sql ] [ SQL ] SELECT `id`,`name` FROM `think_category` [ RunTime:0.000000s ]
[ sql ] [ SQL ] SELECT `id`,`title`,`cid`,`author`,`reading`,`status`,`publish_time`,`sort` FROM `think_article` [ RunTime:0.000000s ]

---------------------------------------------------------------
[ 2016-11-30T11:01:58+08:00 ] 0.0.0.0 127.0.0.1 GET /
[ log ] localhost:8980/ [运行时间：0.046875s][吞吐率：21.33req/s] [内存消耗：1,973.45kb] [文件加载：56]
[ info ] [ LANG ] D:\phpStudy4IIS\WWW\thinkphp\lang\zh-cn.php
[ info ] [ ROUTE ] array (
  'type' => 'module',
  'module' => 
  array (
    0 => '',
    1 => NULL,
    2 => NULL,
  ),
)
[ info ] [ HEADER ] array (
  'upgrade-insecure-requests' => '1',
  'user-agent' => 'Mozilla/5.0 (Windows NT 5.2) AppleWebKit/537.36 (KHTML, like Gecko) Chrome/45.0.2454.101 Safari/537.36',
  'host' => 'localhost:8980',
  'cookie' => 'CNZZDATA1256104530=159473096-1479890974-http%253A%252F%252Flocalhost%253A8980%252F%7C1480037306; greencms_last_visit_page=aHR0cDovL2xvY2FsaG9zdDo4OTgwL2luZGV4LnBocD9tPWFkbWluJmM9aW5kZXgmYT1pbmRleA%3D%3D; admin_username=admin; PHPSESSID=q71934ajfkqa6qabqm5oru3tv6; thinkphp_show_page_trace=0|0',
  'accept-language' => 'zh-CN,zh;q=0.8',
  'accept-encoding' => 'gzip, deflate, sdch',
  'accept' => 'text/html,application/xhtml+xml,application/xml;q=0.9,image/webp,*/*;q=0.8',
  'content-length' => '0',
  'connection' => 'keep-alive',
  'cache-control' => 'max-age=0',
  'content-type' => '',
)
[ info ] [ PARAM ] array (
)
[ info ] [ DB ] INIT mysql
[ info ] [ RUN ] app\index\controller\Index->index[ D:\phpStudy4IIS\WWW\application\index\controller\Index.php ]
[ info ] [ VIEW ] themes\index\index.html [ array (
  0 => 'site_config',
  1 => 'category_level_list',
  2 => 'article_list',
  3 => 'article_listt',
  4 => 'category_list',
  5 => 'cid',
) ]
[ info ] [ LOG ] INIT File
[ sql ] [ DB ] CONNECT:[ UseTime:0.015625s ] mysql:dbname=cms0;host=127.0.0.1;port=3306;charset=utf8
[ sql ] [ SQL ] SHOW COLUMNS FROM `think_system` [ RunTime:0.000000s ]
[ sql ] [ SQL ] SELECT `value` FROM `think_system` WHERE  `name` = 'site_config' LIMIT 1 [ RunTime:0.000000s ]
[ sql ] [ SQL ] SHOW COLUMNS FROM `think_category` [ RunTime:0.000000s ]
[ sql ] [ SQL ] SELECT * FROM `think_category` ORDER BY `sort`  DESC,`id`  ASC [ RunTime:0.000000s ]
[ sql ] [ SQL ] SHOW COLUMNS FROM `think_article` [ RunTime:0.000000s ]
[ sql ] [ SQL ] SELECT COUNT(*) AS tp_count FROM `think_article` LIMIT 1 [ RunTime:0.000000s ]
[ sql ] [ SQL ] SELECT `id`,`title`,`cid`,`author`,`reading`,`status`,`publish_time`,`sort` FROM `think_article` LIMIT 0,5 [ RunTime:0.000000s ]
[ sql ] [ SQL ] SELECT `id`,`name` FROM `think_category` [ RunTime:0.015625s ]
[ sql ] [ SQL ] SELECT `id`,`title`,`cid`,`author`,`reading`,`status`,`publish_time`,`sort` FROM `think_article` [ RunTime:0.000000s ]

---------------------------------------------------------------
[ 2016-11-30T11:01:58+08:00 ] 0.0.0.0 127.0.0.1 GET /
[ log ] localhost:8980/ [运行时间：0.062500s][吞吐率：16.00req/s] [内存消耗：1,973.45kb] [文件加载：56]
[ info ] [ LANG ] D:\phpStudy4IIS\WWW\thinkphp\lang\zh-cn.php
[ info ] [ ROUTE ] array (
  'type' => 'module',
  'module' => 
  array (
    0 => '',
    1 => NULL,
    2 => NULL,
  ),
)
[ info ] [ HEADER ] array (
  'upgrade-insecure-requests' => '1',
  'user-agent' => 'Mozilla/5.0 (Windows NT 5.2) AppleWebKit/537.36 (KHTML, like Gecko) Chrome/45.0.2454.101 Safari/537.36',
  'host' => 'localhost:8980',
  'cookie' => 'CNZZDATA1256104530=159473096-1479890974-http%253A%252F%252Flocalhost%253A8980%252F%7C1480037306; greencms_last_visit_page=aHR0cDovL2xvY2FsaG9zdDo4OTgwL2luZGV4LnBocD9tPWFkbWluJmM9aW5kZXgmYT1pbmRleA%3D%3D; admin_username=admin; PHPSESSID=q71934ajfkqa6qabqm5oru3tv6; thinkphp_show_page_trace=0|0',
  'accept-language' => 'zh-CN,zh;q=0.8',
  'accept-encoding' => 'gzip, deflate, sdch',
  'accept' => 'text/html,application/xhtml+xml,application/xml;q=0.9,image/webp,*/*;q=0.8',
  'content-length' => '0',
  'connection' => 'keep-alive',
  'cache-control' => 'max-age=0',
  'content-type' => '',
)
[ info ] [ PARAM ] array (
)
[ info ] [ DB ] INIT mysql
[ info ] [ RUN ] app\index\controller\Index->index[ D:\phpStudy4IIS\WWW\application\index\controller\Index.php ]
[ info ] [ VIEW ] themes\index\index.html [ array (
  0 => 'site_config',
  1 => 'category_level_list',
  2 => 'article_list',
  3 => 'article_listt',
  4 => 'category_list',
  5 => 'cid',
) ]
[ info ] [ LOG ] INIT File
[ sql ] [ DB ] CONNECT:[ UseTime:0.000000s ] mysql:dbname=cms0;host=127.0.0.1;port=3306;charset=utf8
[ sql ] [ SQL ] SHOW COLUMNS FROM `think_system` [ RunTime:0.015625s ]
[ sql ] [ SQL ] SELECT `value` FROM `think_system` WHERE  `name` = 'site_config' LIMIT 1 [ RunTime:0.000000s ]
[ sql ] [ SQL ] SHOW COLUMNS FROM `think_category` [ RunTime:0.000000s ]
[ sql ] [ SQL ] SELECT * FROM `think_category` ORDER BY `sort`  DESC,`id`  ASC [ RunTime:0.000000s ]
[ sql ] [ SQL ] SHOW COLUMNS FROM `think_article` [ RunTime:0.000000s ]
[ sql ] [ SQL ] SELECT COUNT(*) AS tp_count FROM `think_article` LIMIT 1 [ RunTime:0.000000s ]
[ sql ] [ SQL ] SELECT `id`,`title`,`cid`,`author`,`reading`,`status`,`publish_time`,`sort` FROM `think_article` LIMIT 0,5 [ RunTime:0.000000s ]
[ sql ] [ SQL ] SELECT `id`,`name` FROM `think_category` [ RunTime:0.000000s ]
[ sql ] [ SQL ] SELECT `id`,`title`,`cid`,`author`,`reading`,`status`,`publish_time`,`sort` FROM `think_article` [ RunTime:0.000000s ]

---------------------------------------------------------------
[ 2016-11-30T11:01:58+08:00 ] 0.0.0.0 127.0.0.1 GET /
[ log ] localhost:8980/ [运行时间：0.046875s][吞吐率：21.33req/s] [内存消耗：1,973.45kb] [文件加载：56]
[ info ] [ LANG ] D:\phpStudy4IIS\WWW\thinkphp\lang\zh-cn.php
[ info ] [ ROUTE ] array (
  'type' => 'module',
  'module' => 
  array (
    0 => '',
    1 => NULL,
    2 => NULL,
  ),
)
[ info ] [ HEADER ] array (
  'upgrade-insecure-requests' => '1',
  'user-agent' => 'Mozilla/5.0 (Windows NT 5.2) AppleWebKit/537.36 (KHTML, like Gecko) Chrome/45.0.2454.101 Safari/537.36',
  'host' => 'localhost:8980',
  'cookie' => 'CNZZDATA1256104530=159473096-1479890974-http%253A%252F%252Flocalhost%253A8980%252F%7C1480037306; greencms_last_visit_page=aHR0cDovL2xvY2FsaG9zdDo4OTgwL2luZGV4LnBocD9tPWFkbWluJmM9aW5kZXgmYT1pbmRleA%3D%3D; admin_username=admin; PHPSESSID=q71934ajfkqa6qabqm5oru3tv6; thinkphp_show_page_trace=0|0',
  'accept-language' => 'zh-CN,zh;q=0.8',
  'accept-encoding' => 'gzip, deflate, sdch',
  'accept' => 'text/html,application/xhtml+xml,application/xml;q=0.9,image/webp,*/*;q=0.8',
  'content-length' => '0',
  'connection' => 'keep-alive',
  'cache-control' => 'max-age=0',
  'content-type' => '',
)
[ info ] [ PARAM ] array (
)
[ info ] [ DB ] INIT mysql
[ info ] [ RUN ] app\index\controller\Index->index[ D:\phpStudy4IIS\WWW\application\index\controller\Index.php ]
[ info ] [ VIEW ] themes\index\index.html [ array (
  0 => 'site_config',
  1 => 'category_level_list',
  2 => 'article_list',
  3 => 'article_listt',
  4 => 'category_list',
  5 => 'cid',
) ]
[ info ] [ LOG ] INIT File
[ sql ] [ DB ] CONNECT:[ UseTime:0.000000s ] mysql:dbname=cms0;host=127.0.0.1;port=3306;charset=utf8
[ sql ] [ SQL ] SHOW COLUMNS FROM `think_system` [ RunTime:0.000000s ]
[ sql ] [ SQL ] SELECT `value` FROM `think_system` WHERE  `name` = 'site_config' LIMIT 1 [ RunTime:0.000000s ]
[ sql ] [ SQL ] SHOW COLUMNS FROM `think_category` [ RunTime:0.000000s ]
[ sql ] [ SQL ] SELECT * FROM `think_category` ORDER BY `sort`  DESC,`id`  ASC [ RunTime:0.000000s ]
[ sql ] [ SQL ] SHOW COLUMNS FROM `think_article` [ RunTime:0.000000s ]
[ sql ] [ SQL ] SELECT COUNT(*) AS tp_count FROM `think_article` LIMIT 1 [ RunTime:0.000000s ]
[ sql ] [ SQL ] SELECT `id`,`title`,`cid`,`author`,`reading`,`status`,`publish_time`,`sort` FROM `think_article` LIMIT 0,5 [ RunTime:0.000000s ]
[ sql ] [ SQL ] SELECT `id`,`name` FROM `think_category` [ RunTime:0.000000s ]
[ sql ] [ SQL ] SELECT `id`,`title`,`cid`,`author`,`reading`,`status`,`publish_time`,`sort` FROM `think_article` [ RunTime:0.000000s ]

---------------------------------------------------------------
[ 2016-11-30T11:01:58+08:00 ] 0.0.0.0 127.0.0.1 GET /
[ log ] localhost:8980/ [运行时间：0.046875s][吞吐率：21.33req/s] [内存消耗：1,973.45kb] [文件加载：56]
[ info ] [ LANG ] D:\phpStudy4IIS\WWW\thinkphp\lang\zh-cn.php
[ info ] [ ROUTE ] array (
  'type' => 'module',
  'module' => 
  array (
    0 => '',
    1 => NULL,
    2 => NULL,
  ),
)
[ info ] [ HEADER ] array (
  'upgrade-insecure-requests' => '1',
  'user-agent' => 'Mozilla/5.0 (Windows NT 5.2) AppleWebKit/537.36 (KHTML, like Gecko) Chrome/45.0.2454.101 Safari/537.36',
  'host' => 'localhost:8980',
  'cookie' => 'CNZZDATA1256104530=159473096-1479890974-http%253A%252F%252Flocalhost%253A8980%252F%7C1480037306; greencms_last_visit_page=aHR0cDovL2xvY2FsaG9zdDo4OTgwL2luZGV4LnBocD9tPWFkbWluJmM9aW5kZXgmYT1pbmRleA%3D%3D; admin_username=admin; PHPSESSID=q71934ajfkqa6qabqm5oru3tv6; thinkphp_show_page_trace=0|0',
  'accept-language' => 'zh-CN,zh;q=0.8',
  'accept-encoding' => 'gzip, deflate, sdch',
  'accept' => 'text/html,application/xhtml+xml,application/xml;q=0.9,image/webp,*/*;q=0.8',
  'content-length' => '0',
  'connection' => 'keep-alive',
  'cache-control' => 'max-age=0',
  'content-type' => '',
)
[ info ] [ PARAM ] array (
)
[ info ] [ DB ] INIT mysql
[ info ] [ RUN ] app\index\controller\Index->index[ D:\phpStudy4IIS\WWW\application\index\controller\Index.php ]
[ info ] [ VIEW ] themes\index\index.html [ array (
  0 => 'site_config',
  1 => 'category_level_list',
  2 => 'article_list',
  3 => 'article_listt',
  4 => 'category_list',
  5 => 'cid',
) ]
[ info ] [ LOG ] INIT File
[ sql ] [ DB ] CONNECT:[ UseTime:0.015625s ] mysql:dbname=cms0;host=127.0.0.1;port=3306;charset=utf8
[ sql ] [ SQL ] SHOW COLUMNS FROM `think_system` [ RunTime:0.000000s ]
[ sql ] [ SQL ] SELECT `value` FROM `think_system` WHERE  `name` = 'site_config' LIMIT 1 [ RunTime:0.000000s ]
[ sql ] [ SQL ] SHOW COLUMNS FROM `think_category` [ RunTime:0.000000s ]
[ sql ] [ SQL ] SELECT * FROM `think_category` ORDER BY `sort`  DESC,`id`  ASC [ RunTime:0.000000s ]
[ sql ] [ SQL ] SHOW COLUMNS FROM `think_article` [ RunTime:0.015625s ]
[ sql ] [ SQL ] SELECT COUNT(*) AS tp_count FROM `think_article` LIMIT 1 [ RunTime:0.000000s ]
[ sql ] [ SQL ] SELECT `id`,`title`,`cid`,`author`,`reading`,`status`,`publish_time`,`sort` FROM `think_article` LIMIT 0,5 [ RunTime:0.000000s ]
[ sql ] [ SQL ] SELECT `id`,`name` FROM `think_category` [ RunTime:0.000000s ]
[ sql ] [ SQL ] SELECT `id`,`title`,`cid`,`author`,`reading`,`status`,`publish_time`,`sort` FROM `think_article` [ RunTime:0.000000s ]

---------------------------------------------------------------
[ 2016-11-30T11:02:02+08:00 ] 0.0.0.0 127.0.0.1 GET /
[ log ] localhost:8980/ [运行时间：0.046875s][吞吐率：21.33req/s] [内存消耗：1,973.23kb] [文件加载：56]
[ info ] [ LANG ] D:\phpStudy4IIS\WWW\thinkphp\lang\zh-cn.php
[ info ] [ ROUTE ] array (
  'type' => 'module',
  'module' => 
  array (
    0 => '',
    1 => NULL,
    2 => NULL,
  ),
)
[ info ] [ HEADER ] array (
  'upgrade-insecure-requests' => '1',
  'user-agent' => 'Mozilla/5.0 (Windows NT 5.2) AppleWebKit/537.36 (KHTML, like Gecko) Chrome/45.0.2454.101 Safari/537.36',
  'host' => 'localhost:8980',
  'cookie' => 'CNZZDATA1256104530=159473096-1479890974-http%253A%252F%252Flocalhost%253A8980%252F%7C1480037306; greencms_last_visit_page=aHR0cDovL2xvY2FsaG9zdDo4OTgwL2luZGV4LnBocD9tPWFkbWluJmM9aW5kZXgmYT1pbmRleA%3D%3D; admin_username=admin; PHPSESSID=q71934ajfkqa6qabqm5oru3tv6; thinkphp_show_page_trace=0|0',
  'accept-language' => 'zh-CN,zh;q=0.8',
  'accept-encoding' => 'gzip, deflate, sdch',
  'accept' => 'text/html,application/xhtml+xml,application/xml;q=0.9,image/webp,*/*;q=0.8',
  'content-length' => '0',
  'connection' => 'keep-alive',
  'content-type' => '',
)
[ info ] [ PARAM ] array (
)
[ info ] [ DB ] INIT mysql
[ info ] [ RUN ] app\index\controller\Index->index[ D:\phpStudy4IIS\WWW\application\index\controller\Index.php ]
[ info ] [ VIEW ] themes\index\index.html [ array (
  0 => 'site_config',
  1 => 'category_level_list',
  2 => 'article_list',
  3 => 'article_listt',
  4 => 'category_list',
  5 => 'cid',
) ]
[ info ] [ LOG ] INIT File
[ sql ] [ DB ] CONNECT:[ UseTime:0.000000s ] mysql:dbname=cms0;host=127.0.0.1;port=3306;charset=utf8
[ sql ] [ SQL ] SHOW COLUMNS FROM `think_system` [ RunTime:0.000000s ]
[ sql ] [ SQL ] SELECT `value` FROM `think_system` WHERE  `name` = 'site_config' LIMIT 1 [ RunTime:0.000000s ]
[ sql ] [ SQL ] SHOW COLUMNS FROM `think_category` [ RunTime:0.000000s ]
[ sql ] [ SQL ] SELECT * FROM `think_category` ORDER BY `sort`  DESC,`id`  ASC [ RunTime:0.000000s ]
[ sql ] [ SQL ] SHOW COLUMNS FROM `think_article` [ RunTime:0.000000s ]
[ sql ] [ SQL ] SELECT COUNT(*) AS tp_count FROM `think_article` LIMIT 1 [ RunTime:0.000000s ]
[ sql ] [ SQL ] SELECT `id`,`title`,`cid`,`author`,`reading`,`status`,`publish_time`,`sort` FROM `think_article` LIMIT 0,5 [ RunTime:0.000000s ]
[ sql ] [ SQL ] SELECT `id`,`name` FROM `think_category` [ RunTime:0.000000s ]
[ sql ] [ SQL ] SELECT `id`,`title`,`cid`,`author`,`reading`,`status`,`publish_time`,`sort` FROM `think_article` [ RunTime:0.000000s ]

---------------------------------------------------------------
[ 2016-11-30T11:02:26+08:00 ] 0.0.0.0 127.0.0.1 GET /
[ log ] localhost:8980/ [运行时间：0.031250s][吞吐率：32.00req/s] [内存消耗：1,973.45kb] [文件加载：56]
[ info ] [ LANG ] D:\phpStudy4IIS\WWW\thinkphp\lang\zh-cn.php
[ info ] [ ROUTE ] array (
  'type' => 'module',
  'module' => 
  array (
    0 => '',
    1 => NULL,
    2 => NULL,
  ),
)
[ info ] [ HEADER ] array (
  'upgrade-insecure-requests' => '1',
  'user-agent' => 'Mozilla/5.0 (Windows NT 5.2) AppleWebKit/537.36 (KHTML, like Gecko) Chrome/45.0.2454.101 Safari/537.36',
  'host' => 'localhost:8980',
  'cookie' => 'CNZZDATA1256104530=159473096-1479890974-http%253A%252F%252Flocalhost%253A8980%252F%7C1480037306; greencms_last_visit_page=aHR0cDovL2xvY2FsaG9zdDo4OTgwL2luZGV4LnBocD9tPWFkbWluJmM9aW5kZXgmYT1pbmRleA%3D%3D; admin_username=admin; PHPSESSID=q71934ajfkqa6qabqm5oru3tv6; thinkphp_show_page_trace=0|0',
  'accept-language' => 'zh-CN,zh;q=0.8',
  'accept-encoding' => 'gzip, deflate, sdch',
  'accept' => 'text/html,application/xhtml+xml,application/xml;q=0.9,image/webp,*/*;q=0.8',
  'content-length' => '0',
  'connection' => 'keep-alive',
  'cache-control' => 'max-age=0',
  'content-type' => '',
)
[ info ] [ PARAM ] array (
)
[ info ] [ DB ] INIT mysql
[ info ] [ RUN ] app\index\controller\Index->index[ D:\phpStudy4IIS\WWW\application\index\controller\Index.php ]
[ info ] [ VIEW ] themes\index\index.html [ array (
  0 => 'site_config',
  1 => 'category_level_list',
  2 => 'article_list',
  3 => 'article_listt',
  4 => 'category_list',
  5 => 'cid',
) ]
[ info ] [ LOG ] INIT File
[ sql ] [ DB ] CONNECT:[ UseTime:0.000000s ] mysql:dbname=cms0;host=127.0.0.1;port=3306;charset=utf8
[ sql ] [ SQL ] SHOW COLUMNS FROM `think_system` [ RunTime:0.000000s ]
[ sql ] [ SQL ] SELECT `value` FROM `think_system` WHERE  `name` = 'site_config' LIMIT 1 [ RunTime:0.000000s ]
[ sql ] [ SQL ] SHOW COLUMNS FROM `think_category` [ RunTime:0.000000s ]
[ sql ] [ SQL ] SELECT * FROM `think_category` ORDER BY `sort`  DESC,`id`  ASC [ RunTime:0.000000s ]
[ sql ] [ SQL ] SHOW COLUMNS FROM `think_article` [ RunTime:0.000000s ]
[ sql ] [ SQL ] SELECT COUNT(*) AS tp_count FROM `think_article` LIMIT 1 [ RunTime:0.000000s ]
[ sql ] [ SQL ] SELECT `id`,`title`,`cid`,`author`,`reading`,`status`,`publish_time`,`sort` FROM `think_article` LIMIT 0,5 [ RunTime:0.000000s ]
[ sql ] [ SQL ] SELECT `id`,`name` FROM `think_category` [ RunTime:0.000000s ]
[ sql ] [ SQL ] SELECT `id`,`title`,`cid`,`author`,`reading`,`status`,`publish_time`,`sort` FROM `think_article` [ RunTime:0.000000s ]

---------------------------------------------------------------
[ 2016-11-30T11:19:04+08:00 ] 0.0.0.0 127.0.0.1 GET /?page=2
[ log ] localhost:8980/?page=2 [运行时间：0.046875s][吞吐率：21.33req/s] [内存消耗：1,968.80kb] [文件加载：56]
[ info ] [ LANG ] D:\phpStudy4IIS\WWW\thinkphp\lang\zh-cn.php
[ info ] [ ROUTE ] array (
  'type' => 'module',
  'module' => 
  array (
    0 => '',
    1 => NULL,
    2 => NULL,
  ),
)
[ info ] [ HEADER ] array (
  'upgrade-insecure-requests' => '1',
  'user-agent' => 'Mozilla/5.0 (Windows NT 5.2) AppleWebKit/537.36 (KHTML, like Gecko) Chrome/45.0.2454.101 Safari/537.36',
  'referer' => 'http://localhost:8980/',
  'host' => 'localhost:8980',
  'cookie' => 'CNZZDATA1256104530=159473096-1479890974-http%253A%252F%252Flocalhost%253A8980%252F%7C1480037306; greencms_last_visit_page=aHR0cDovL2xvY2FsaG9zdDo4OTgwL2luZGV4LnBocD9tPWFkbWluJmM9aW5kZXgmYT1pbmRleA%3D%3D; admin_username=admin; PHPSESSID=q71934ajfkqa6qabqm5oru3tv6; thinkphp_show_page_trace=0|4',
  'accept-language' => 'zh-CN,zh;q=0.8',
  'accept-encoding' => 'gzip, deflate, sdch',
  'accept' => 'text/html,application/xhtml+xml,application/xml;q=0.9,image/webp,*/*;q=0.8',
  'content-length' => '0',
  'connection' => 'keep-alive',
  'content-type' => '',
)
[ info ] [ PARAM ] array (
  'page' => '2',
)
[ info ] [ DB ] INIT mysql
[ info ] [ RUN ] app\index\controller\Index->index[ D:\phpStudy4IIS\WWW\application\index\controller\Index.php ]
[ info ] [ VIEW ] themes\index\index.html [ array (
  0 => 'site_config',
  1 => 'category_level_list',
  2 => 'article_list',
  3 => 'article_listt',
  4 => 'category_list',
  5 => 'cid',
) ]
[ info ] [ LOG ] INIT File
[ sql ] [ DB ] CONNECT:[ UseTime:0.015625s ] mysql:dbname=cms0;host=127.0.0.1;port=3306;charset=utf8
[ sql ] [ SQL ] SHOW COLUMNS FROM `think_system` [ RunTime:0.000000s ]
[ sql ] [ SQL ] SELECT `value` FROM `think_system` WHERE  `name` = 'site_config' LIMIT 1 [ RunTime:0.000000s ]
[ sql ] [ SQL ] SHOW COLUMNS FROM `think_category` [ RunTime:0.000000s ]
[ sql ] [ SQL ] SELECT * FROM `think_category` ORDER BY `sort`  DESC,`id`  ASC [ RunTime:0.000000s ]
[ sql ] [ SQL ] SHOW COLUMNS FROM `think_article` [ RunTime:0.015625s ]
[ sql ] [ SQL ] SELECT COUNT(*) AS tp_count FROM `think_article` LIMIT 1 [ RunTime:0.000000s ]
[ sql ] [ SQL ] SELECT `id`,`title`,`cid`,`author`,`reading`,`status`,`publish_time`,`sort` FROM `think_article` LIMIT 5,5 [ RunTime:0.000000s ]
[ sql ] [ SQL ] SELECT `id`,`name` FROM `think_category` [ RunTime:0.000000s ]
[ sql ] [ SQL ] SELECT `id`,`title`,`cid`,`author`,`reading`,`status`,`publish_time`,`sort` FROM `think_article` [ RunTime:0.000000s ]

---------------------------------------------------------------
[ 2016-11-30T11:19:07+08:00 ] 0.0.0.0 127.0.0.1 GET /?page=1
[ log ] localhost:8980/?page=1 [运行时间：0.031250s][吞吐率：32.00req/s] [内存消耗：1,973.75kb] [文件加载：56]
[ info ] [ LANG ] D:\phpStudy4IIS\WWW\thinkphp\lang\zh-cn.php
[ info ] [ ROUTE ] array (
  'type' => 'module',
  'module' => 
  array (
    0 => '',
    1 => NULL,
    2 => NULL,
  ),
)
[ info ] [ HEADER ] array (
  'upgrade-insecure-requests' => '1',
  'user-agent' => 'Mozilla/5.0 (Windows NT 5.2) AppleWebKit/537.36 (KHTML, like Gecko) Chrome/45.0.2454.101 Safari/537.36',
  'referer' => 'http://localhost:8980/?page=2',
  'host' => 'localhost:8980',
  'cookie' => 'CNZZDATA1256104530=159473096-1479890974-http%253A%252F%252Flocalhost%253A8980%252F%7C1480037306; greencms_last_visit_page=aHR0cDovL2xvY2FsaG9zdDo4OTgwL2luZGV4LnBocD9tPWFkbWluJmM9aW5kZXgmYT1pbmRleA%3D%3D; admin_username=admin; PHPSESSID=q71934ajfkqa6qabqm5oru3tv6; thinkphp_show_page_trace=0|4',
  'accept-language' => 'zh-CN,zh;q=0.8',
  'accept-encoding' => 'gzip, deflate, sdch',
  'accept' => 'text/html,application/xhtml+xml,application/xml;q=0.9,image/webp,*/*;q=0.8',
  'content-length' => '0',
  'connection' => 'keep-alive',
  'content-type' => '',
)
[ info ] [ PARAM ] array (
  'page' => '1',
)
[ info ] [ DB ] INIT mysql
[ info ] [ RUN ] app\index\controller\Index->index[ D:\phpStudy4IIS\WWW\application\index\controller\Index.php ]
[ info ] [ VIEW ] themes\index\index.html [ array (
  0 => 'site_config',
  1 => 'category_level_list',
  2 => 'article_list',
  3 => 'article_listt',
  4 => 'category_list',
  5 => 'cid',
) ]
[ info ] [ LOG ] INIT File
[ sql ] [ DB ] CONNECT:[ UseTime:0.000000s ] mysql:dbname=cms0;host=127.0.0.1;port=3306;charset=utf8
[ sql ] [ SQL ] SHOW COLUMNS FROM `think_system` [ RunTime:0.000000s ]
[ sql ] [ SQL ] SELECT `value` FROM `think_system` WHERE  `name` = 'site_config' LIMIT 1 [ RunTime:0.000000s ]
[ sql ] [ SQL ] SHOW COLUMNS FROM `think_category` [ RunTime:0.015625s ]
[ sql ] [ SQL ] SELECT * FROM `think_category` ORDER BY `sort`  DESC,`id`  ASC [ RunTime:0.000000s ]
[ sql ] [ SQL ] SHOW COLUMNS FROM `think_article` [ RunTime:0.000000s ]
[ sql ] [ SQL ] SELECT COUNT(*) AS tp_count FROM `think_article` LIMIT 1 [ RunTime:0.000000s ]
[ sql ] [ SQL ] SELECT `id`,`title`,`cid`,`author`,`reading`,`status`,`publish_time`,`sort` FROM `think_article` LIMIT 0,5 [ RunTime:0.000000s ]
[ sql ] [ SQL ] SELECT `id`,`name` FROM `think_category` [ RunTime:0.000000s ]
[ sql ] [ SQL ] SELECT `id`,`title`,`cid`,`author`,`reading`,`status`,`publish_time`,`sort` FROM `think_article` [ RunTime:0.000000s ]

---------------------------------------------------------------
[ 2016-11-30T11:19:31+08:00 ] 0.0.0.0 127.0.0.1 GET /?page=2
[ log ] localhost:8980/?page=2 [运行时间：0.031250s][吞吐率：32.00req/s] [内存消耗：1,968.84kb] [文件加载：56]
[ info ] [ LANG ] D:\phpStudy4IIS\WWW\thinkphp\lang\zh-cn.php
[ info ] [ ROUTE ] array (
  'type' => 'module',
  'module' => 
  array (
    0 => '',
    1 => NULL,
    2 => NULL,
  ),
)
[ info ] [ HEADER ] array (
  'upgrade-insecure-requests' => '1',
  'user-agent' => 'Mozilla/5.0 (Windows NT 5.2) AppleWebKit/537.36 (KHTML, like Gecko) Chrome/45.0.2454.101 Safari/537.36',
  'referer' => 'http://localhost:8980/?page=1',
  'host' => 'localhost:8980',
  'cookie' => 'CNZZDATA1256104530=159473096-1479890974-http%253A%252F%252Flocalhost%253A8980%252F%7C1480037306; greencms_last_visit_page=aHR0cDovL2xvY2FsaG9zdDo4OTgwL2luZGV4LnBocD9tPWFkbWluJmM9aW5kZXgmYT1pbmRleA%3D%3D; admin_username=admin; PHPSESSID=q71934ajfkqa6qabqm5oru3tv6; thinkphp_show_page_trace=0|4',
  'accept-language' => 'zh-CN,zh;q=0.8',
  'accept-encoding' => 'gzip, deflate, sdch',
  'accept' => 'text/html,application/xhtml+xml,application/xml;q=0.9,image/webp,*/*;q=0.8',
  'content-length' => '0',
  'connection' => 'keep-alive',
  'content-type' => '',
)
[ info ] [ PARAM ] array (
  'page' => '2',
)
[ info ] [ DB ] INIT mysql
[ info ] [ RUN ] app\index\controller\Index->index[ D:\phpStudy4IIS\WWW\application\index\controller\Index.php ]
[ info ] [ VIEW ] themes\index\index.html [ array (
  0 => 'site_config',
  1 => 'category_level_list',
  2 => 'article_list',
  3 => 'article_listt',
  4 => 'category_list',
  5 => 'cid',
) ]
[ info ] [ LOG ] INIT File
[ sql ] [ DB ] CONNECT:[ UseTime:0.000000s ] mysql:dbname=cms0;host=127.0.0.1;port=3306;charset=utf8
[ sql ] [ SQL ] SHOW COLUMNS FROM `think_system` [ RunTime:0.000000s ]
[ sql ] [ SQL ] SELECT `value` FROM `think_system` WHERE  `name` = 'site_config' LIMIT 1 [ RunTime:0.000000s ]
[ sql ] [ SQL ] SHOW COLUMNS FROM `think_category` [ RunTime:0.015625s ]
[ sql ] [ SQL ] SELECT * FROM `think_category` ORDER BY `sort`  DESC,`id`  ASC [ RunTime:0.000000s ]
[ sql ] [ SQL ] SHOW COLUMNS FROM `think_article` [ RunTime:0.000000s ]
[ sql ] [ SQL ] SELECT COUNT(*) AS tp_count FROM `think_article` LIMIT 1 [ RunTime:0.000000s ]
[ sql ] [ SQL ] SELECT `id`,`title`,`cid`,`author`,`reading`,`status`,`publish_time`,`sort` FROM `think_article` LIMIT 5,5 [ RunTime:0.000000s ]
[ sql ] [ SQL ] SELECT `id`,`name` FROM `think_category` [ RunTime:0.000000s ]
[ sql ] [ SQL ] SELECT `id`,`title`,`cid`,`author`,`reading`,`status`,`publish_time`,`sort` FROM `think_article` [ RunTime:0.000000s ]

---------------------------------------------------------------
[ 2016-11-30T11:19:34+08:00 ] 0.0.0.0 127.0.0.1 GET /?page=1
[ log ] localhost:8980/?page=1 [运行时间：0.031250s][吞吐率：32.00req/s] [内存消耗：1,973.75kb] [文件加载：56]
[ info ] [ LANG ] D:\phpStudy4IIS\WWW\thinkphp\lang\zh-cn.php
[ info ] [ ROUTE ] array (
  'type' => 'module',
  'module' => 
  array (
    0 => '',
    1 => NULL,
    2 => NULL,
  ),
)
[ info ] [ HEADER ] array (
  'upgrade-insecure-requests' => '1',
  'user-agent' => 'Mozilla/5.0 (Windows NT 5.2) AppleWebKit/537.36 (KHTML, like Gecko) Chrome/45.0.2454.101 Safari/537.36',
  'referer' => 'http://localhost:8980/?page=2',
  'host' => 'localhost:8980',
  'cookie' => 'CNZZDATA1256104530=159473096-1479890974-http%253A%252F%252Flocalhost%253A8980%252F%7C1480037306; greencms_last_visit_page=aHR0cDovL2xvY2FsaG9zdDo4OTgwL2luZGV4LnBocD9tPWFkbWluJmM9aW5kZXgmYT1pbmRleA%3D%3D; admin_username=admin; PHPSESSID=q71934ajfkqa6qabqm5oru3tv6; thinkphp_show_page_trace=0|4',
  'accept-language' => 'zh-CN,zh;q=0.8',
  'accept-encoding' => 'gzip, deflate, sdch',
  'accept' => 'text/html,application/xhtml+xml,application/xml;q=0.9,image/webp,*/*;q=0.8',
  'content-length' => '0',
  'connection' => 'keep-alive',
  'content-type' => '',
)
[ info ] [ PARAM ] array (
  'page' => '1',
)
[ info ] [ DB ] INIT mysql
[ info ] [ RUN ] app\index\controller\Index->index[ D:\phpStudy4IIS\WWW\application\index\controller\Index.php ]
[ info ] [ VIEW ] themes\index\index.html [ array (
  0 => 'site_config',
  1 => 'category_level_list',
  2 => 'article_list',
  3 => 'article_listt',
  4 => 'category_list',
  5 => 'cid',
) ]
[ info ] [ LOG ] INIT File
[ sql ] [ DB ] CONNECT:[ UseTime:0.000000s ] mysql:dbname=cms0;host=127.0.0.1;port=3306;charset=utf8
[ sql ] [ SQL ] SHOW COLUMNS FROM `think_system` [ RunTime:0.000000s ]
[ sql ] [ SQL ] SELECT `value` FROM `think_system` WHERE  `name` = 'site_config' LIMIT 1 [ RunTime:0.000000s ]
[ sql ] [ SQL ] SHOW COLUMNS FROM `think_category` [ RunTime:0.000000s ]
[ sql ] [ SQL ] SELECT * FROM `think_category` ORDER BY `sort`  DESC,`id`  ASC [ RunTime:0.000000s ]
[ sql ] [ SQL ] SHOW COLUMNS FROM `think_article` [ RunTime:0.000000s ]
[ sql ] [ SQL ] SELECT COUNT(*) AS tp_count FROM `think_article` LIMIT 1 [ RunTime:0.000000s ]
[ sql ] [ SQL ] SELECT `id`,`title`,`cid`,`author`,`reading`,`status`,`publish_time`,`sort` FROM `think_article` LIMIT 0,5 [ RunTime:0.000000s ]
[ sql ] [ SQL ] SELECT `id`,`name` FROM `think_category` [ RunTime:0.000000s ]
[ sql ] [ SQL ] SELECT `id`,`title`,`cid`,`author`,`reading`,`status`,`publish_time`,`sort` FROM `think_article` [ RunTime:0.000000s ]

---------------------------------------------------------------
[ 2016-11-30T11:34:06+08:00 ] 0.0.0.0 127.0.0.1 GET /?page=1
[ log ] localhost:8980/?page=1 [运行时间：0.046875s][吞吐率：21.33req/s] [内存消耗：1,973.96kb] [文件加载：56]
[ info ] [ LANG ] D:\phpStudy4IIS\WWW\thinkphp\lang\zh-cn.php
[ info ] [ ROUTE ] array (
  'type' => 'module',
  'module' => 
  array (
    0 => '',
    1 => NULL,
    2 => NULL,
  ),
)
[ info ] [ HEADER ] array (
  'upgrade-insecure-requests' => '1',
  'user-agent' => 'Mozilla/5.0 (Windows NT 5.2) AppleWebKit/537.36 (KHTML, like Gecko) Chrome/45.0.2454.101 Safari/537.36',
  'referer' => 'http://localhost:8980/?page=2',
  'host' => 'localhost:8980',
  'cookie' => 'CNZZDATA1256104530=159473096-1479890974-http%253A%252F%252Flocalhost%253A8980%252F%7C1480037306; greencms_last_visit_page=aHR0cDovL2xvY2FsaG9zdDo4OTgwL2luZGV4LnBocD9tPWFkbWluJmM9aW5kZXgmYT1pbmRleA%3D%3D; admin_username=admin; PHPSESSID=q71934ajfkqa6qabqm5oru3tv6; thinkphp_show_page_trace=0|4',
  'accept-language' => 'zh-CN,zh;q=0.8',
  'accept-encoding' => 'gzip, deflate, sdch',
  'accept' => 'text/html,application/xhtml+xml,application/xml;q=0.9,image/webp,*/*;q=0.8',
  'content-length' => '0',
  'connection' => 'keep-alive',
  'cache-control' => 'max-age=0',
  'content-type' => '',
)
[ info ] [ PARAM ] array (
  'page' => '1',
)
[ info ] [ DB ] INIT mysql
[ info ] [ RUN ] app\index\controller\Index->index[ D:\phpStudy4IIS\WWW\application\index\controller\Index.php ]
[ info ] [ VIEW ] themes\index\index.html [ array (
  0 => 'site_config',
  1 => 'category_level_list',
  2 => 'article_list',
  3 => 'article_listt',
  4 => 'category_list',
  5 => 'cid',
) ]
[ info ] [ LOG ] INIT File
[ sql ] [ DB ] CONNECT:[ UseTime:0.000000s ] mysql:dbname=cms0;host=127.0.0.1;port=3306;charset=utf8
[ sql ] [ SQL ] SHOW COLUMNS FROM `think_system` [ RunTime:0.000000s ]
[ sql ] [ SQL ] SELECT `value` FROM `think_system` WHERE  `name` = 'site_config' LIMIT 1 [ RunTime:0.000000s ]
[ sql ] [ SQL ] SHOW COLUMNS FROM `think_category` [ RunTime:0.000000s ]
[ sql ] [ SQL ] SELECT * FROM `think_category` ORDER BY `sort`  DESC,`id`  ASC [ RunTime:0.000000s ]
[ sql ] [ SQL ] SHOW COLUMNS FROM `think_article` [ RunTime:0.015625s ]
[ sql ] [ SQL ] SELECT COUNT(*) AS tp_count FROM `think_article` LIMIT 1 [ RunTime:0.000000s ]
[ sql ] [ SQL ] SELECT `id`,`title`,`cid`,`author`,`reading`,`status`,`publish_time`,`sort` FROM `think_article` LIMIT 0,5 [ RunTime:0.000000s ]
[ sql ] [ SQL ] SELECT `id`,`name` FROM `think_category` [ RunTime:0.000000s ]
[ sql ] [ SQL ] SELECT `id`,`title`,`cid`,`author`,`reading`,`status`,`publish_time`,`sort` FROM `think_article` [ RunTime:0.000000s ]

---------------------------------------------------------------
