[ 2016-12-19T22:38:51+08:00 ] 0.0.0.0 127.0.0.1 GET /index/gb
[ log ] localhost:8980/index/gb [运行时间：0.093750s][吞吐率：10.67req/s] [内存消耗：2,104.25kb] [文件加载：58]
[ info ] [ LANG ] D:\phpStudy4IIS\WWW\thinkphp\lang\zh-cn.php
[ info ] [ ROUTE ] array (
  'type' => 'module',
  'module' => 
  array (
    0 => '',
    1 => NULL,
    2 => NULL,
  ),
)
[ info ] [ HEADER ] array (
  'x-rewrite-url' => '/index/gb/eurl.axd/01c9a341caf683458b99748506eea280',
  'upgrade-insecure-requests' => '1',
  'user-agent' => 'Mozilla/5.0 (Windows NT 5.2) AppleWebKit/537.36 (KHTML, like Gecko) Chrome/45.0.2454.101 Safari/537.36',
  'referer' => 'http://localhost:8980/index/tell',
  'host' => 'localhost:8980',
  'cookie' => 'CNZZDATA1256104530=159473096-1479890974-http%253A%252F%252Flocalhost%253A8980%252F%7C1480037306; greencms_last_visit_page=aHR0cDovL2xvY2FsaG9zdDo4OTgwL2luZGV4LnBocD9tPWFkbWluJmM9aW5kZXgmYT1pbmRleA%3D%3D; admin_username=admin; PHPSESSID=db7e1r5klkklc8eol7qp6mhlp4; CNZZDATA1256135378=817590677-1482131121-%7C1482131121',
  'accept-language' => 'zh-CN,zh;q=0.8',
  'accept-encoding' => 'gzip, deflate, sdch',
  'accept' => 'text/html,application/xhtml+xml,application/xml;q=0.9,image/webp,*/*;q=0.8',
  'connection' => 'keep-alive',
  'cache-control' => 'max-age=0',
  'content-type' => '',
  'content-length' => '0',
)
[ info ] [ PARAM ] array (
  'index/gb/eurl_axd/01c9a341caf683458b99748506eea280' => '',
)
[ info ] [ CACHE ] INIT File
[ info ] [ DB ] INIT mysql
[ info ] [ RUN ] app\index\controller\Index->index[ D:\phpStudy4IIS\WWW\application\index\controller\Index.php ]
[ info ] [ VIEW ] themes\index\index.html [ array (
  0 => 'site_config',
  1 => 'banner',
  2 => 'category',
  3 => 'links',
  4 => 'tags',
  5 => 'randarticle',
  6 => 'htorticle',
  7 => 'messageinfo',
  8 => 'nav',
  9 => 'category_level_list',
  10 => 'article_list',
  11 => 'getcategoryName',
) ]
[ info ] [ LOG ] INIT File
[ sql ] [ DB ] CONNECT:[ UseTime:0.015625s ] mysql:dbname=cms0;host=127.0.0.1;port=3306;charset=utf8
[ sql ] [ SQL ] SHOW COLUMNS FROM `think_system` [ RunTime:0.000000s ]
[ sql ] [ SQL ] SELECT `value` FROM `think_system` WHERE  `name` = 'site_config' LIMIT 1 [ RunTime:0.000000s ]
[ sql ] [ SQL ] SHOW COLUMNS FROM `think_advertising` [ RunTime:0.015625s ]
[ sql ] [ SQL ] SELECT * FROM `think_advertising` WHERE  `status` = 1 [ RunTime:0.000000s ]
[ sql ] [ SQL ] SHOW COLUMNS FROM `think_category` [ RunTime:0.000000s ]
[ sql ] [ SQL ] SELECT * FROM `think_category` WHERE  `type` = 1 [ RunTime:0.000000s ]
[ sql ] [ SQL ] SHOW COLUMNS FROM `think_links` [ RunTime:0.000000s ]
[ sql ] [ SQL ] SELECT * FROM `think_links` WHERE  `status` = 1 LIMIT 10 [ RunTime:0.000000s ]
[ sql ] [ SQL ] SHOW COLUMNS FROM `think_tags` [ RunTime:0.000000s ]
[ sql ] [ SQL ] SELECT * FROM `think_tags` ORDER BY num desc LIMIT 10 [ RunTime:0.000000s ]
[ sql ] [ SQL ] SHOW COLUMNS FROM `think_article` [ RunTime:0.000000s ]
[ sql ] [ SQL ] SELECT `id`,`title`,`introduction`,`photo` FROM `think_article` WHERE  `status` = 1 ORDER BY rand() LIMIT 3 [ RunTime:0.015625s ]
[ sql ] [ SQL ] SELECT `id`,`title`,`introduction`,`photo` FROM `think_article` WHERE  `status` = 1 ORDER BY reading desc LIMIT 10 [ RunTime:0.000000s ]
[ sql ] [ SQL ] SHOW COLUMNS FROM `think_guestbook` [ RunTime:0.000000s ]
[ sql ] [ SQL ] SELECT * FROM `think_guestbook` `a` RIGHT JOIN `think_user` `u` ON `a`.`userid`=`u`.`id` LIMIT 4 [ RunTime:0.000000s ]
[ sql ] [ SQL ] SHOW COLUMNS FROM `think_nav` [ RunTime:0.000000s ]
[ sql ] [ SQL ] SELECT * FROM `think_nav` WHERE  `status` = 1 [ RunTime:0.000000s ]
[ sql ] [ SQL ] SELECT * FROM `think_category` ORDER BY `sort`  DESC,`id`  ASC [ RunTime:0.000000s ]
[ sql ] [ SQL ] SELECT COUNT(*) AS tp_count FROM `think_article` WHERE  `status` = 1 LIMIT 1 [ RunTime:0.000000s ]
[ sql ] [ SQL ] SELECT `id`,`title`,`cid`,`introduction`,`tag`,`is_good`,`photo`,`author`,`reading`,`status`,`publish_time`,`sort` FROM `think_article` WHERE  `status` = 1 ORDER BY id desc LIMIT 0,5 [ RunTime:0.000000s ]
[ sql ] [ SQL ] SELECT `id`,`name` FROM `think_category` [ RunTime:0.000000s ]

---------------------------------------------------------------
[ 2016-12-19T22:38:51+08:00 ] 0.0.0.0 127.0.0.1 GET /index/gb
[ log ] localhost:8980/index/gb [运行时间：0.062500s][吞吐率：16.00req/s] [内存消耗：2,104.29kb] [文件加载：58]
[ info ] [ LANG ] D:\phpStudy4IIS\WWW\thinkphp\lang\zh-cn.php
[ info ] [ ROUTE ] array (
  'type' => 'module',
  'module' => 
  array (
    0 => '',
    1 => NULL,
    2 => NULL,
  ),
)
[ info ] [ HEADER ] array (
  'x-rewrite-url' => '/index/gb/eurl.axd/01c9a341caf683458b99748506eea280',
  'upgrade-insecure-requests' => '1',
  'user-agent' => 'Mozilla/5.0 (Windows NT 5.2) AppleWebKit/537.36 (KHTML, like Gecko) Chrome/45.0.2454.101 Safari/537.36',
  'referer' => 'http://localhost:8980/index/tell',
  'host' => 'localhost:8980',
  'cookie' => 'CNZZDATA1256104530=159473096-1479890974-http%253A%252F%252Flocalhost%253A8980%252F%7C1480037306; greencms_last_visit_page=aHR0cDovL2xvY2FsaG9zdDo4OTgwL2luZGV4LnBocD9tPWFkbWluJmM9aW5kZXgmYT1pbmRleA%3D%3D; admin_username=admin; PHPSESSID=db7e1r5klkklc8eol7qp6mhlp4; CNZZDATA1256135378=817590677-1482131121-%7C1482131121',
  'accept-language' => 'zh-CN,zh;q=0.8',
  'accept-encoding' => 'gzip, deflate, sdch',
  'accept' => 'text/html,application/xhtml+xml,application/xml;q=0.9,image/webp,*/*;q=0.8',
  'connection' => 'keep-alive',
  'cache-control' => 'max-age=0',
  'content-type' => '',
  'content-length' => '0',
)
[ info ] [ PARAM ] array (
  'index/gb/eurl_axd/01c9a341caf683458b99748506eea280' => '',
)
[ info ] [ CACHE ] INIT File
[ info ] [ DB ] INIT mysql
[ info ] [ RUN ] app\index\controller\Index->index[ D:\phpStudy4IIS\WWW\application\index\controller\Index.php ]
[ info ] [ VIEW ] themes\index\index.html [ array (
  0 => 'site_config',
  1 => 'banner',
  2 => 'category',
  3 => 'links',
  4 => 'tags',
  5 => 'randarticle',
  6 => 'htorticle',
  7 => 'messageinfo',
  8 => 'nav',
  9 => 'category_level_list',
  10 => 'article_list',
  11 => 'getcategoryName',
) ]
[ info ] [ LOG ] INIT File
[ sql ] [ DB ] CONNECT:[ UseTime:0.000000s ] mysql:dbname=cms0;host=127.0.0.1;port=3306;charset=utf8
[ sql ] [ SQL ] SHOW COLUMNS FROM `think_system` [ RunTime:0.000000s ]
[ sql ] [ SQL ] SELECT `value` FROM `think_system` WHERE  `name` = 'site_config' LIMIT 1 [ RunTime:0.000000s ]
[ sql ] [ SQL ] SHOW COLUMNS FROM `think_advertising` [ RunTime:0.000000s ]
[ sql ] [ SQL ] SELECT * FROM `think_advertising` WHERE  `status` = 1 [ RunTime:0.000000s ]
[ sql ] [ SQL ] SHOW COLUMNS FROM `think_category` [ RunTime:0.000000s ]
[ sql ] [ SQL ] SELECT * FROM `think_category` WHERE  `type` = 1 [ RunTime:0.000000s ]
[ sql ] [ SQL ] SHOW COLUMNS FROM `think_links` [ RunTime:0.000000s ]
[ sql ] [ SQL ] SELECT * FROM `think_links` WHERE  `status` = 1 LIMIT 10 [ RunTime:0.000000s ]
[ sql ] [ SQL ] SHOW COLUMNS FROM `think_tags` [ RunTime:0.015625s ]
[ sql ] [ SQL ] SELECT * FROM `think_tags` ORDER BY num desc LIMIT 10 [ RunTime:0.000000s ]
[ sql ] [ SQL ] SHOW COLUMNS FROM `think_article` [ RunTime:0.000000s ]
[ sql ] [ SQL ] SELECT `id`,`title`,`introduction`,`photo` FROM `think_article` WHERE  `status` = 1 ORDER BY rand() LIMIT 3 [ RunTime:0.000000s ]
[ sql ] [ SQL ] SELECT `id`,`title`,`introduction`,`photo` FROM `think_article` WHERE  `status` = 1 ORDER BY reading desc LIMIT 10 [ RunTime:0.000000s ]
[ sql ] [ SQL ] SHOW COLUMNS FROM `think_guestbook` [ RunTime:0.000000s ]
[ sql ] [ SQL ] SELECT * FROM `think_guestbook` `a` RIGHT JOIN `think_user` `u` ON `a`.`userid`=`u`.`id` LIMIT 4 [ RunTime:0.000000s ]
[ sql ] [ SQL ] SHOW COLUMNS FROM `think_nav` [ RunTime:0.000000s ]
[ sql ] [ SQL ] SELECT * FROM `think_nav` WHERE  `status` = 1 [ RunTime:0.000000s ]
[ sql ] [ SQL ] SELECT * FROM `think_category` ORDER BY `sort`  DESC,`id`  ASC [ RunTime:0.000000s ]
[ sql ] [ SQL ] SELECT COUNT(*) AS tp_count FROM `think_article` WHERE  `status` = 1 LIMIT 1 [ RunTime:0.000000s ]
[ sql ] [ SQL ] SELECT `id`,`title`,`cid`,`introduction`,`tag`,`is_good`,`photo`,`author`,`reading`,`status`,`publish_time`,`sort` FROM `think_article` WHERE  `status` = 1 ORDER BY id desc LIMIT 0,5 [ RunTime:0.000000s ]
[ sql ] [ SQL ] SELECT `id`,`name` FROM `think_category` [ RunTime:0.000000s ]

---------------------------------------------------------------
[ 2016-12-19T22:39:18+08:00 ] 0.0.0.0 127.0.0.1 GET /index/tell
[ log ] localhost:8980/index/tell [运行时间：0.046875s][吞吐率：21.33req/s] [内存消耗：2,104.02kb] [文件加载：58]
[ info ] [ LANG ] D:\phpStudy4IIS\WWW\thinkphp\lang\zh-cn.php
[ info ] [ ROUTE ] array (
  'type' => 'module',
  'module' => 
  array (
    0 => '',
    1 => NULL,
    2 => NULL,
  ),
)
[ info ] [ HEADER ] array (
  'x-rewrite-url' => '/index/tell/eurl.axd/01c9a341caf683458b99748506eea280',
  'upgrade-insecure-requests' => '1',
  'user-agent' => 'Mozilla/5.0 (Windows NT 5.2) AppleWebKit/537.36 (KHTML, like Gecko) Chrome/45.0.2454.101 Safari/537.36',
  'referer' => 'http://localhost:8980/',
  'host' => 'localhost:8980',
  'cookie' => 'CNZZDATA1256104530=159473096-1479890974-http%253A%252F%252Flocalhost%253A8980%252F%7C1480037306; greencms_last_visit_page=aHR0cDovL2xvY2FsaG9zdDo4OTgwL2luZGV4LnBocD9tPWFkbWluJmM9aW5kZXgmYT1pbmRleA%3D%3D; admin_username=admin; PHPSESSID=db7e1r5klkklc8eol7qp6mhlp4; CNZZDATA1256135378=817590677-1482131121-%7C1482131121',
  'accept-language' => 'zh-CN,zh;q=0.8',
  'accept-encoding' => 'gzip, deflate, sdch',
  'accept' => 'text/html,application/xhtml+xml,application/xml;q=0.9,image/webp,*/*;q=0.8',
  'connection' => 'keep-alive',
  'cache-control' => 'max-age=0',
  'content-type' => '',
  'content-length' => '0',
)
[ info ] [ PARAM ] array (
)
[ info ] [ CACHE ] INIT File
[ info ] [ DB ] INIT mysql
[ info ] [ RUN ] app\index\controller\Index->index[ D:\phpStudy4IIS\WWW\application\index\controller\Index.php ]
[ info ] [ VIEW ] themes\index\index.html [ array (
  0 => 'site_config',
  1 => 'banner',
  2 => 'category',
  3 => 'links',
  4 => 'tags',
  5 => 'randarticle',
  6 => 'htorticle',
  7 => 'messageinfo',
  8 => 'nav',
  9 => 'category_level_list',
  10 => 'article_list',
  11 => 'getcategoryName',
) ]
[ info ] [ LOG ] INIT File
[ sql ] [ DB ] CONNECT:[ UseTime:0.000000s ] mysql:dbname=cms0;host=127.0.0.1;port=3306;charset=utf8
[ sql ] [ SQL ] SHOW COLUMNS FROM `think_system` [ RunTime:0.000000s ]
[ sql ] [ SQL ] SELECT `value` FROM `think_system` WHERE  `name` = 'site_config' LIMIT 1 [ RunTime:0.000000s ]
[ sql ] [ SQL ] SHOW COLUMNS FROM `think_advertising` [ RunTime:0.015625s ]
[ sql ] [ SQL ] SELECT * FROM `think_advertising` WHERE  `status` = 1 [ RunTime:0.000000s ]
[ sql ] [ SQL ] SHOW COLUMNS FROM `think_category` [ RunTime:0.000000s ]
[ sql ] [ SQL ] SELECT * FROM `think_category` WHERE  `type` = 1 [ RunTime:0.000000s ]
[ sql ] [ SQL ] SHOW COLUMNS FROM `think_links` [ RunTime:0.000000s ]
[ sql ] [ SQL ] SELECT * FROM `think_links` WHERE  `status` = 1 LIMIT 10 [ RunTime:0.000000s ]
[ sql ] [ SQL ] SHOW COLUMNS FROM `think_tags` [ RunTime:0.000000s ]
[ sql ] [ SQL ] SELECT * FROM `think_tags` ORDER BY num desc LIMIT 10 [ RunTime:0.000000s ]
[ sql ] [ SQL ] SHOW COLUMNS FROM `think_article` [ RunTime:0.000000s ]
[ sql ] [ SQL ] SELECT `id`,`title`,`introduction`,`photo` FROM `think_article` WHERE  `status` = 1 ORDER BY rand() LIMIT 3 [ RunTime:0.000000s ]
[ sql ] [ SQL ] SELECT `id`,`title`,`introduction`,`photo` FROM `think_article` WHERE  `status` = 1 ORDER BY reading desc LIMIT 10 [ RunTime:0.000000s ]
[ sql ] [ SQL ] SHOW COLUMNS FROM `think_guestbook` [ RunTime:0.000000s ]
[ sql ] [ SQL ] SELECT * FROM `think_guestbook` `a` RIGHT JOIN `think_user` `u` ON `a`.`userid`=`u`.`id` LIMIT 4 [ RunTime:0.015625s ]
[ sql ] [ SQL ] SHOW COLUMNS FROM `think_nav` [ RunTime:0.000000s ]
[ sql ] [ SQL ] SELECT * FROM `think_nav` WHERE  `status` = 1 [ RunTime:0.000000s ]
[ sql ] [ SQL ] SELECT * FROM `think_category` ORDER BY `sort`  DESC,`id`  ASC [ RunTime:0.000000s ]
[ sql ] [ SQL ] SELECT COUNT(*) AS tp_count FROM `think_article` WHERE  `status` = 1 LIMIT 1 [ RunTime:0.000000s ]
[ sql ] [ SQL ] SELECT `id`,`title`,`cid`,`introduction`,`tag`,`is_good`,`photo`,`author`,`reading`,`status`,`publish_time`,`sort` FROM `think_article` WHERE  `status` = 1 ORDER BY id desc LIMIT 0,5 [ RunTime:0.000000s ]
[ sql ] [ SQL ] SELECT `id`,`name` FROM `think_category` [ RunTime:0.000000s ]

---------------------------------------------------------------
[ 2016-12-19T22:39:18+08:00 ] 0.0.0.0 127.0.0.1 GET /index/tell
[ log ] localhost:8980/index/tell [运行时间：0.062500s][吞吐率：16.00req/s] [内存消耗：2,104.03kb] [文件加载：58]
[ info ] [ LANG ] D:\phpStudy4IIS\WWW\thinkphp\lang\zh-cn.php
[ info ] [ ROUTE ] array (
  'type' => 'module',
  'module' => 
  array (
    0 => '',
    1 => NULL,
    2 => NULL,
  ),
)
[ info ] [ HEADER ] array (
  'x-rewrite-url' => '/index/tell/eurl.axd/01c9a341caf683458b99748506eea280',
  'upgrade-insecure-requests' => '1',
  'user-agent' => 'Mozilla/5.0 (Windows NT 5.2) AppleWebKit/537.36 (KHTML, like Gecko) Chrome/45.0.2454.101 Safari/537.36',
  'referer' => 'http://localhost:8980/',
  'host' => 'localhost:8980',
  'cookie' => 'CNZZDATA1256104530=159473096-1479890974-http%253A%252F%252Flocalhost%253A8980%252F%7C1480037306; greencms_last_visit_page=aHR0cDovL2xvY2FsaG9zdDo4OTgwL2luZGV4LnBocD9tPWFkbWluJmM9aW5kZXgmYT1pbmRleA%3D%3D; admin_username=admin; PHPSESSID=db7e1r5klkklc8eol7qp6mhlp4; CNZZDATA1256135378=817590677-1482131121-%7C1482131121',
  'accept-language' => 'zh-CN,zh;q=0.8',
  'accept-encoding' => 'gzip, deflate, sdch',
  'accept' => 'text/html,application/xhtml+xml,application/xml;q=0.9,image/webp,*/*;q=0.8',
  'connection' => 'keep-alive',
  'cache-control' => 'max-age=0',
  'content-type' => '',
  'content-length' => '0',
)
[ info ] [ PARAM ] array (
)
[ info ] [ CACHE ] INIT File
[ info ] [ DB ] INIT mysql
[ info ] [ RUN ] app\index\controller\Index->index[ D:\phpStudy4IIS\WWW\application\index\controller\Index.php ]
[ info ] [ VIEW ] themes\index\index.html [ array (
  0 => 'site_config',
  1 => 'banner',
  2 => 'category',
  3 => 'links',
  4 => 'tags',
  5 => 'randarticle',
  6 => 'htorticle',
  7 => 'messageinfo',
  8 => 'nav',
  9 => 'category_level_list',
  10 => 'article_list',
  11 => 'getcategoryName',
) ]
[ info ] [ LOG ] INIT File
[ sql ] [ DB ] CONNECT:[ UseTime:0.000000s ] mysql:dbname=cms0;host=127.0.0.1;port=3306;charset=utf8
[ sql ] [ SQL ] SHOW COLUMNS FROM `think_system` [ RunTime:0.000000s ]
[ sql ] [ SQL ] SELECT `value` FROM `think_system` WHERE  `name` = 'site_config' LIMIT 1 [ RunTime:0.000000s ]
[ sql ] [ SQL ] SHOW COLUMNS FROM `think_advertising` [ RunTime:0.000000s ]
[ sql ] [ SQL ] SELECT * FROM `think_advertising` WHERE  `status` = 1 [ RunTime:0.000000s ]
[ sql ] [ SQL ] SHOW COLUMNS FROM `think_category` [ RunTime:0.000000s ]
[ sql ] [ SQL ] SELECT * FROM `think_category` WHERE  `type` = 1 [ RunTime:0.000000s ]
[ sql ] [ SQL ] SHOW COLUMNS FROM `think_links` [ RunTime:0.000000s ]
[ sql ] [ SQL ] SELECT * FROM `think_links` WHERE  `status` = 1 LIMIT 10 [ RunTime:0.000000s ]
[ sql ] [ SQL ] SHOW COLUMNS FROM `think_tags` [ RunTime:0.000000s ]
[ sql ] [ SQL ] SELECT * FROM `think_tags` ORDER BY num desc LIMIT 10 [ RunTime:0.000000s ]
[ sql ] [ SQL ] SHOW COLUMNS FROM `think_article` [ RunTime:0.000000s ]
[ sql ] [ SQL ] SELECT `id`,`title`,`introduction`,`photo` FROM `think_article` WHERE  `status` = 1 ORDER BY rand() LIMIT 3 [ RunTime:0.000000s ]
[ sql ] [ SQL ] SELECT `id`,`title`,`introduction`,`photo` FROM `think_article` WHERE  `status` = 1 ORDER BY reading desc LIMIT 10 [ RunTime:0.000000s ]
[ sql ] [ SQL ] SHOW COLUMNS FROM `think_guestbook` [ RunTime:0.015625s ]
[ sql ] [ SQL ] SELECT * FROM `think_guestbook` `a` RIGHT JOIN `think_user` `u` ON `a`.`userid`=`u`.`id` LIMIT 4 [ RunTime:0.000000s ]
[ sql ] [ SQL ] SHOW COLUMNS FROM `think_nav` [ RunTime:0.000000s ]
[ sql ] [ SQL ] SELECT * FROM `think_nav` WHERE  `status` = 1 [ RunTime:0.000000s ]
[ sql ] [ SQL ] SELECT * FROM `think_category` ORDER BY `sort`  DESC,`id`  ASC [ RunTime:0.000000s ]
[ sql ] [ SQL ] SELECT COUNT(*) AS tp_count FROM `think_article` WHERE  `status` = 1 LIMIT 1 [ RunTime:0.000000s ]
[ sql ] [ SQL ] SELECT `id`,`title`,`cid`,`introduction`,`tag`,`is_good`,`photo`,`author`,`reading`,`status`,`publish_time`,`sort` FROM `think_article` WHERE  `status` = 1 ORDER BY id desc LIMIT 0,5 [ RunTime:0.000000s ]
[ sql ] [ SQL ] SELECT `id`,`name` FROM `think_category` [ RunTime:0.000000s ]

---------------------------------------------------------------
[ 2016-12-19T22:39:19+08:00 ] 0.0.0.0 127.0.0.1 GET /index/tell
[ log ] localhost:8980/index/tell [运行时间：0.062500s][吞吐率：16.00req/s] [内存消耗：2,104.05kb] [文件加载：58]
[ info ] [ LANG ] D:\phpStudy4IIS\WWW\thinkphp\lang\zh-cn.php
[ info ] [ ROUTE ] array (
  'type' => 'module',
  'module' => 
  array (
    0 => '',
    1 => NULL,
    2 => NULL,
  ),
)
[ info ] [ HEADER ] array (
  'x-rewrite-url' => '/index/tell/eurl.axd/01c9a341caf683458b99748506eea280',
  'upgrade-insecure-requests' => '1',
  'user-agent' => 'Mozilla/5.0 (Windows NT 5.2) AppleWebKit/537.36 (KHTML, like Gecko) Chrome/45.0.2454.101 Safari/537.36',
  'referer' => 'http://localhost:8980/',
  'host' => 'localhost:8980',
  'cookie' => 'CNZZDATA1256104530=159473096-1479890974-http%253A%252F%252Flocalhost%253A8980%252F%7C1480037306; greencms_last_visit_page=aHR0cDovL2xvY2FsaG9zdDo4OTgwL2luZGV4LnBocD9tPWFkbWluJmM9aW5kZXgmYT1pbmRleA%3D%3D; admin_username=admin; PHPSESSID=db7e1r5klkklc8eol7qp6mhlp4; CNZZDATA1256135378=817590677-1482131121-%7C1482131121',
  'accept-language' => 'zh-CN,zh;q=0.8',
  'accept-encoding' => 'gzip, deflate, sdch',
  'accept' => 'text/html,application/xhtml+xml,application/xml;q=0.9,image/webp,*/*;q=0.8',
  'connection' => 'keep-alive',
  'cache-control' => 'max-age=0',
  'content-type' => '',
  'content-length' => '0',
)
[ info ] [ PARAM ] array (
)
[ info ] [ CACHE ] INIT File
[ info ] [ DB ] INIT mysql
[ info ] [ RUN ] app\index\controller\Index->index[ D:\phpStudy4IIS\WWW\application\index\controller\Index.php ]
[ info ] [ VIEW ] themes\index\index.html [ array (
  0 => 'site_config',
  1 => 'banner',
  2 => 'category',
  3 => 'links',
  4 => 'tags',
  5 => 'randarticle',
  6 => 'htorticle',
  7 => 'messageinfo',
  8 => 'nav',
  9 => 'category_level_list',
  10 => 'article_list',
  11 => 'getcategoryName',
) ]
[ info ] [ LOG ] INIT File
[ sql ] [ DB ] CONNECT:[ UseTime:0.000000s ] mysql:dbname=cms0;host=127.0.0.1;port=3306;charset=utf8
[ sql ] [ SQL ] SHOW COLUMNS FROM `think_system` [ RunTime:0.000000s ]
[ sql ] [ SQL ] SELECT `value` FROM `think_system` WHERE  `name` = 'site_config' LIMIT 1 [ RunTime:0.000000s ]
[ sql ] [ SQL ] SHOW COLUMNS FROM `think_advertising` [ RunTime:0.000000s ]
[ sql ] [ SQL ] SELECT * FROM `think_advertising` WHERE  `status` = 1 [ RunTime:0.000000s ]
[ sql ] [ SQL ] SHOW COLUMNS FROM `think_category` [ RunTime:0.000000s ]
[ sql ] [ SQL ] SELECT * FROM `think_category` WHERE  `type` = 1 [ RunTime:0.000000s ]
[ sql ] [ SQL ] SHOW COLUMNS FROM `think_links` [ RunTime:0.000000s ]
[ sql ] [ SQL ] SELECT * FROM `think_links` WHERE  `status` = 1 LIMIT 10 [ RunTime:0.000000s ]
[ sql ] [ SQL ] SHOW COLUMNS FROM `think_tags` [ RunTime:0.000000s ]
[ sql ] [ SQL ] SELECT * FROM `think_tags` ORDER BY num desc LIMIT 10 [ RunTime:0.000000s ]
[ sql ] [ SQL ] SHOW COLUMNS FROM `think_article` [ RunTime:0.000000s ]
[ sql ] [ SQL ] SELECT `id`,`title`,`introduction`,`photo` FROM `think_article` WHERE  `status` = 1 ORDER BY rand() LIMIT 3 [ RunTime:0.000000s ]
[ sql ] [ SQL ] SELECT `id`,`title`,`introduction`,`photo` FROM `think_article` WHERE  `status` = 1 ORDER BY reading desc LIMIT 10 [ RunTime:0.000000s ]
[ sql ] [ SQL ] SHOW COLUMNS FROM `think_guestbook` [ RunTime:0.000000s ]
[ sql ] [ SQL ] SELECT * FROM `think_guestbook` `a` RIGHT JOIN `think_user` `u` ON `a`.`userid`=`u`.`id` LIMIT 4 [ RunTime:0.000000s ]
[ sql ] [ SQL ] SHOW COLUMNS FROM `think_nav` [ RunTime:0.000000s ]
[ sql ] [ SQL ] SELECT * FROM `think_nav` WHERE  `status` = 1 [ RunTime:0.000000s ]
[ sql ] [ SQL ] SELECT * FROM `think_category` ORDER BY `sort`  DESC,`id`  ASC [ RunTime:0.000000s ]
[ sql ] [ SQL ] SELECT COUNT(*) AS tp_count FROM `think_article` WHERE  `status` = 1 LIMIT 1 [ RunTime:0.000000s ]
[ sql ] [ SQL ] SELECT `id`,`title`,`cid`,`introduction`,`tag`,`is_good`,`photo`,`author`,`reading`,`status`,`publish_time`,`sort` FROM `think_article` WHERE  `status` = 1 ORDER BY id desc LIMIT 0,5 [ RunTime:0.000000s ]
[ sql ] [ SQL ] SELECT `id`,`name` FROM `think_category` [ RunTime:0.000000s ]

---------------------------------------------------------------
[ 2016-12-19T22:39:19+08:00 ] 0.0.0.0 127.0.0.1 GET /index/tell
[ log ] localhost:8980/index/tell [运行时间：0.062500s][吞吐率：16.00req/s] [内存消耗：2,104.03kb] [文件加载：58]
[ info ] [ LANG ] D:\phpStudy4IIS\WWW\thinkphp\lang\zh-cn.php
[ info ] [ ROUTE ] array (
  'type' => 'module',
  'module' => 
  array (
    0 => '',
    1 => NULL,
    2 => NULL,
  ),
)
[ info ] [ HEADER ] array (
  'x-rewrite-url' => '/index/tell/eurl.axd/01c9a341caf683458b99748506eea280',
  'upgrade-insecure-requests' => '1',
  'user-agent' => 'Mozilla/5.0 (Windows NT 5.2) AppleWebKit/537.36 (KHTML, like Gecko) Chrome/45.0.2454.101 Safari/537.36',
  'referer' => 'http://localhost:8980/',
  'host' => 'localhost:8980',
  'cookie' => 'CNZZDATA1256104530=159473096-1479890974-http%253A%252F%252Flocalhost%253A8980%252F%7C1480037306; greencms_last_visit_page=aHR0cDovL2xvY2FsaG9zdDo4OTgwL2luZGV4LnBocD9tPWFkbWluJmM9aW5kZXgmYT1pbmRleA%3D%3D; admin_username=admin; PHPSESSID=db7e1r5klkklc8eol7qp6mhlp4; CNZZDATA1256135378=817590677-1482131121-%7C1482131121',
  'accept-language' => 'zh-CN,zh;q=0.8',
  'accept-encoding' => 'gzip, deflate, sdch',
  'accept' => 'text/html,application/xhtml+xml,application/xml;q=0.9,image/webp,*/*;q=0.8',
  'connection' => 'keep-alive',
  'cache-control' => 'max-age=0',
  'content-type' => '',
  'content-length' => '0',
)
[ info ] [ PARAM ] array (
)
[ info ] [ CACHE ] INIT File
[ info ] [ DB ] INIT mysql
[ info ] [ RUN ] app\index\controller\Index->index[ D:\phpStudy4IIS\WWW\application\index\controller\Index.php ]
[ info ] [ VIEW ] themes\index\index.html [ array (
  0 => 'site_config',
  1 => 'banner',
  2 => 'category',
  3 => 'links',
  4 => 'tags',
  5 => 'randarticle',
  6 => 'htorticle',
  7 => 'messageinfo',
  8 => 'nav',
  9 => 'category_level_list',
  10 => 'article_list',
  11 => 'getcategoryName',
) ]
[ info ] [ LOG ] INIT File
[ sql ] [ DB ] CONNECT:[ UseTime:0.015625s ] mysql:dbname=cms0;host=127.0.0.1;port=3306;charset=utf8
[ sql ] [ SQL ] SHOW COLUMNS FROM `think_system` [ RunTime:0.000000s ]
[ sql ] [ SQL ] SELECT `value` FROM `think_system` WHERE  `name` = 'site_config' LIMIT 1 [ RunTime:0.000000s ]
[ sql ] [ SQL ] SHOW COLUMNS FROM `think_advertising` [ RunTime:0.000000s ]
[ sql ] [ SQL ] SELECT * FROM `think_advertising` WHERE  `status` = 1 [ RunTime:0.015625s ]
[ sql ] [ SQL ] SHOW COLUMNS FROM `think_category` [ RunTime:0.000000s ]
[ sql ] [ SQL ] SELECT * FROM `think_category` WHERE  `type` = 1 [ RunTime:0.000000s ]
[ sql ] [ SQL ] SHOW COLUMNS FROM `think_links` [ RunTime:0.000000s ]
[ sql ] [ SQL ] SELECT * FROM `think_links` WHERE  `status` = 1 LIMIT 10 [ RunTime:0.000000s ]
[ sql ] [ SQL ] SHOW COLUMNS FROM `think_tags` [ RunTime:0.000000s ]
[ sql ] [ SQL ] SELECT * FROM `think_tags` ORDER BY num desc LIMIT 10 [ RunTime:0.000000s ]
[ sql ] [ SQL ] SHOW COLUMNS FROM `think_article` [ RunTime:0.000000s ]
[ sql ] [ SQL ] SELECT `id`,`title`,`introduction`,`photo` FROM `think_article` WHERE  `status` = 1 ORDER BY rand() LIMIT 3 [ RunTime:0.000000s ]
[ sql ] [ SQL ] SELECT `id`,`title`,`introduction`,`photo` FROM `think_article` WHERE  `status` = 1 ORDER BY reading desc LIMIT 10 [ RunTime:0.000000s ]
[ sql ] [ SQL ] SHOW COLUMNS FROM `think_guestbook` [ RunTime:0.015625s ]
[ sql ] [ SQL ] SELECT * FROM `think_guestbook` `a` RIGHT JOIN `think_user` `u` ON `a`.`userid`=`u`.`id` LIMIT 4 [ RunTime:0.000000s ]
[ sql ] [ SQL ] SHOW COLUMNS FROM `think_nav` [ RunTime:0.000000s ]
[ sql ] [ SQL ] SELECT * FROM `think_nav` WHERE  `status` = 1 [ RunTime:0.000000s ]
[ sql ] [ SQL ] SELECT * FROM `think_category` ORDER BY `sort`  DESC,`id`  ASC [ RunTime:0.000000s ]
[ sql ] [ SQL ] SELECT COUNT(*) AS tp_count FROM `think_article` WHERE  `status` = 1 LIMIT 1 [ RunTime:0.000000s ]
[ sql ] [ SQL ] SELECT `id`,`title`,`cid`,`introduction`,`tag`,`is_good`,`photo`,`author`,`reading`,`status`,`publish_time`,`sort` FROM `think_article` WHERE  `status` = 1 ORDER BY id desc LIMIT 0,5 [ RunTime:0.000000s ]
[ sql ] [ SQL ] SELECT `id`,`name` FROM `think_category` [ RunTime:0.000000s ]

---------------------------------------------------------------
[ 2016-12-19T22:39:19+08:00 ] 0.0.0.0 127.0.0.1 GET /index/tell
[ log ] localhost:8980/index/tell [运行时间：0.062500s][吞吐率：16.00req/s] [内存消耗：2,104.05kb] [文件加载：58]
[ info ] [ LANG ] D:\phpStudy4IIS\WWW\thinkphp\lang\zh-cn.php
[ info ] [ ROUTE ] array (
  'type' => 'module',
  'module' => 
  array (
    0 => '',
    1 => NULL,
    2 => NULL,
  ),
)
[ info ] [ HEADER ] array (
  'x-rewrite-url' => '/index/tell/eurl.axd/01c9a341caf683458b99748506eea280',
  'upgrade-insecure-requests' => '1',
  'user-agent' => 'Mozilla/5.0 (Windows NT 5.2) AppleWebKit/537.36 (KHTML, like Gecko) Chrome/45.0.2454.101 Safari/537.36',
  'referer' => 'http://localhost:8980/',
  'host' => 'localhost:8980',
  'cookie' => 'CNZZDATA1256104530=159473096-1479890974-http%253A%252F%252Flocalhost%253A8980%252F%7C1480037306; greencms_last_visit_page=aHR0cDovL2xvY2FsaG9zdDo4OTgwL2luZGV4LnBocD9tPWFkbWluJmM9aW5kZXgmYT1pbmRleA%3D%3D; admin_username=admin; PHPSESSID=db7e1r5klkklc8eol7qp6mhlp4; CNZZDATA1256135378=817590677-1482131121-%7C1482131121',
  'accept-language' => 'zh-CN,zh;q=0.8',
  'accept-encoding' => 'gzip, deflate, sdch',
  'accept' => 'text/html,application/xhtml+xml,application/xml;q=0.9,image/webp,*/*;q=0.8',
  'connection' => 'keep-alive',
  'cache-control' => 'max-age=0',
  'content-type' => '',
  'content-length' => '0',
)
[ info ] [ PARAM ] array (
)
[ info ] [ CACHE ] INIT File
[ info ] [ DB ] INIT mysql
[ info ] [ RUN ] app\index\controller\Index->index[ D:\phpStudy4IIS\WWW\application\index\controller\Index.php ]
[ info ] [ VIEW ] themes\index\index.html [ array (
  0 => 'site_config',
  1 => 'banner',
  2 => 'category',
  3 => 'links',
  4 => 'tags',
  5 => 'randarticle',
  6 => 'htorticle',
  7 => 'messageinfo',
  8 => 'nav',
  9 => 'category_level_list',
  10 => 'article_list',
  11 => 'getcategoryName',
) ]
[ info ] [ LOG ] INIT File
[ sql ] [ DB ] CONNECT:[ UseTime:0.000000s ] mysql:dbname=cms0;host=127.0.0.1;port=3306;charset=utf8
[ sql ] [ SQL ] SHOW COLUMNS FROM `think_system` [ RunTime:0.000000s ]
[ sql ] [ SQL ] SELECT `value` FROM `think_system` WHERE  `name` = 'site_config' LIMIT 1 [ RunTime:0.000000s ]
[ sql ] [ SQL ] SHOW COLUMNS FROM `think_advertising` [ RunTime:0.000000s ]
[ sql ] [ SQL ] SELECT * FROM `think_advertising` WHERE  `status` = 1 [ RunTime:0.000000s ]
[ sql ] [ SQL ] SHOW COLUMNS FROM `think_category` [ RunTime:0.000000s ]
[ sql ] [ SQL ] SELECT * FROM `think_category` WHERE  `type` = 1 [ RunTime:0.000000s ]
[ sql ] [ SQL ] SHOW COLUMNS FROM `think_links` [ RunTime:0.000000s ]
[ sql ] [ SQL ] SELECT * FROM `think_links` WHERE  `status` = 1 LIMIT 10 [ RunTime:0.000000s ]
[ sql ] [ SQL ] SHOW COLUMNS FROM `think_tags` [ RunTime:0.015625s ]
[ sql ] [ SQL ] SELECT * FROM `think_tags` ORDER BY num desc LIMIT 10 [ RunTime:0.000000s ]
[ sql ] [ SQL ] SHOW COLUMNS FROM `think_article` [ RunTime:0.000000s ]
[ sql ] [ SQL ] SELECT `id`,`title`,`introduction`,`photo` FROM `think_article` WHERE  `status` = 1 ORDER BY rand() LIMIT 3 [ RunTime:0.000000s ]
[ sql ] [ SQL ] SELECT `id`,`title`,`introduction`,`photo` FROM `think_article` WHERE  `status` = 1 ORDER BY reading desc LIMIT 10 [ RunTime:0.000000s ]
[ sql ] [ SQL ] SHOW COLUMNS FROM `think_guestbook` [ RunTime:0.000000s ]
[ sql ] [ SQL ] SELECT * FROM `think_guestbook` `a` RIGHT JOIN `think_user` `u` ON `a`.`userid`=`u`.`id` LIMIT 4 [ RunTime:0.000000s ]
[ sql ] [ SQL ] SHOW COLUMNS FROM `think_nav` [ RunTime:0.000000s ]
[ sql ] [ SQL ] SELECT * FROM `think_nav` WHERE  `status` = 1 [ RunTime:0.000000s ]
[ sql ] [ SQL ] SELECT * FROM `think_category` ORDER BY `sort`  DESC,`id`  ASC [ RunTime:0.015625s ]
[ sql ] [ SQL ] SELECT COUNT(*) AS tp_count FROM `think_article` WHERE  `status` = 1 LIMIT 1 [ RunTime:0.000000s ]
[ sql ] [ SQL ] SELECT `id`,`title`,`cid`,`introduction`,`tag`,`is_good`,`photo`,`author`,`reading`,`status`,`publish_time`,`sort` FROM `think_article` WHERE  `status` = 1 ORDER BY id desc LIMIT 0,5 [ RunTime:0.000000s ]
[ sql ] [ SQL ] SELECT `id`,`name` FROM `think_category` [ RunTime:0.000000s ]

---------------------------------------------------------------
[ 2016-12-19T22:39:25+08:00 ] 0.0.0.0 127.0.0.1 GET /index/tell
[ log ] localhost:8980/index/tell [运行时间：0.046875s][吞吐率：21.33req/s] [内存消耗：1,774.40kb] [文件加载：52]
[ info ] [ LANG ] D:\phpStudy4IIS\WWW\thinkphp\lang\zh-cn.php
[ info ] [ ROUTE ] array (
  'type' => 'module',
  'module' => 
  array (
    0 => 'index',
    1 => 'tell',
    2 => 'eurl.axd',
  ),
)
[ info ] [ HEADER ] array (
  'x-rewrite-url' => '/index/tell/eurl.axd/01c9a341caf683458b99748506eea280',
  'upgrade-insecure-requests' => '1',
  'user-agent' => 'Mozilla/5.0 (Windows NT 5.2) AppleWebKit/537.36 (KHTML, like Gecko) Chrome/45.0.2454.101 Safari/537.36',
  'referer' => 'http://localhost:8980/',
  'host' => 'localhost:8980',
  'cookie' => 'CNZZDATA1256104530=159473096-1479890974-http%253A%252F%252Flocalhost%253A8980%252F%7C1480037306; greencms_last_visit_page=aHR0cDovL2xvY2FsaG9zdDo4OTgwL2luZGV4LnBocD9tPWFkbWluJmM9aW5kZXgmYT1pbmRleA%3D%3D; admin_username=admin; PHPSESSID=db7e1r5klkklc8eol7qp6mhlp4; CNZZDATA1256135378=817590677-1482131121-%7C1482131121',
  'accept-language' => 'zh-CN,zh;q=0.8',
  'accept-encoding' => 'gzip, deflate, sdch',
  'accept' => 'text/html,application/xhtml+xml,application/xml;q=0.9,image/webp,*/*;q=0.8',
  'connection' => 'keep-alive',
  'cache-control' => 'max-age=0',
  'content-type' => '',
  'content-length' => '0',
)
[ info ] [ PARAM ] array (
)
[ info ] [ CACHE ] INIT File
[ info ] [ DB ] INIT mysql
[ info ] [ LOG ] INIT File
[ sql ] [ DB ] CONNECT:[ UseTime:0.015625s ] mysql:dbname=cms0;host=127.0.0.1;port=3306;charset=utf8
[ sql ] [ SQL ] SHOW COLUMNS FROM `think_system` [ RunTime:0.000000s ]
[ sql ] [ SQL ] SELECT `value` FROM `think_system` WHERE  `name` = 'site_config' LIMIT 1 [ RunTime:0.000000s ]
[ sql ] [ SQL ] SHOW COLUMNS FROM `think_advertising` [ RunTime:0.000000s ]
[ sql ] [ SQL ] SELECT * FROM `think_advertising` WHERE  `status` = 1 [ RunTime:0.000000s ]
[ sql ] [ SQL ] SHOW COLUMNS FROM `think_category` [ RunTime:0.000000s ]
[ sql ] [ SQL ] SELECT * FROM `think_category` WHERE  `type` = 1 [ RunTime:0.000000s ]
[ sql ] [ SQL ] SHOW COLUMNS FROM `think_links` [ RunTime:0.000000s ]
[ sql ] [ SQL ] SELECT * FROM `think_links` WHERE  `status` = 1 LIMIT 10 [ RunTime:0.000000s ]
[ sql ] [ SQL ] SHOW COLUMNS FROM `think_tags` [ RunTime:0.000000s ]
[ sql ] [ SQL ] SELECT * FROM `think_tags` ORDER BY num desc LIMIT 10 [ RunTime:0.015625s ]
[ sql ] [ SQL ] SHOW COLUMNS FROM `think_article` [ RunTime:0.000000s ]
[ sql ] [ SQL ] SELECT `id`,`title`,`introduction`,`photo` FROM `think_article` WHERE  `status` = 1 ORDER BY rand() LIMIT 3 [ RunTime:0.000000s ]
[ sql ] [ SQL ] SELECT `id`,`title`,`introduction`,`photo` FROM `think_article` WHERE  `status` = 1 ORDER BY reading desc LIMIT 10 [ RunTime:0.000000s ]
[ sql ] [ SQL ] SHOW COLUMNS FROM `think_guestbook` [ RunTime:0.000000s ]
[ sql ] [ SQL ] SELECT * FROM `think_guestbook` `a` RIGHT JOIN `think_user` `u` ON `a`.`userid`=`u`.`id` LIMIT 4 [ RunTime:0.000000s ]
[ sql ] [ SQL ] SHOW COLUMNS FROM `think_nav` [ RunTime:0.000000s ]
[ sql ] [ SQL ] SELECT * FROM `think_nav` WHERE  `status` = 1 [ RunTime:0.000000s ]

---------------------------------------------------------------
